**************************************************
Report         : passing_points

Reference      : Ref:/WORK/FINAL_SYS
Implementation : Imp:/WORK/FINAL_SYS
Version        : L-2016.03-SP1
Date           : Thu Aug 15 17:30:30 2024
**************************************************

428 Passing compare points:

  Ref  LAT        Ref:/WORK/FINAL_SYS/U_CG/U0
  Impl LAT        Imp:/WORK/FINAL_SYS/U_CG/U0

  Ref  DFF        Ref:/WORK/FINAL_SYS/U_ALU/alu_out_reg[0]
  Impl DFF        Imp:/WORK/FINAL_SYS/U_ALU/alu_out_reg[0]

  Ref  DFF        Ref:/WORK/FINAL_SYS/U_ALU/alu_out_reg[10]
  Impl DFF        Imp:/WORK/FINAL_SYS/U_ALU/alu_out_reg[10]

  Ref  DFF        Ref:/WORK/FINAL_SYS/U_ALU/alu_out_reg[11]
  Impl DFF        Imp:/WORK/FINAL_SYS/U_ALU/alu_out_reg[11]

  Ref  DFF        Ref:/WORK/FINAL_SYS/U_ALU/alu_out_reg[12]
  Impl DFF        Imp:/WORK/FINAL_SYS/U_ALU/alu_out_reg[12]

  Ref  DFF        Ref:/WORK/FINAL_SYS/U_ALU/alu_out_reg[13]
  Impl DFF        Imp:/WORK/FINAL_SYS/U_ALU/alu_out_reg[13]

  Ref  DFF        Ref:/WORK/FINAL_SYS/U_ALU/alu_out_reg[14]
  Impl DFF        Imp:/WORK/FINAL_SYS/U_ALU/alu_out_reg[14]

  Ref  DFF        Ref:/WORK/FINAL_SYS/U_ALU/alu_out_reg[15]
  Impl DFF        Imp:/WORK/FINAL_SYS/U_ALU/alu_out_reg[15]

  Ref  DFF        Ref:/WORK/FINAL_SYS/U_ALU/alu_out_reg[1]
  Impl DFF        Imp:/WORK/FINAL_SYS/U_ALU/alu_out_reg[1]

  Ref  DFF        Ref:/WORK/FINAL_SYS/U_ALU/alu_out_reg[2]
  Impl DFF        Imp:/WORK/FINAL_SYS/U_ALU/alu_out_reg[2]

  Ref  DFF        Ref:/WORK/FINAL_SYS/U_ALU/alu_out_reg[3]
  Impl DFF        Imp:/WORK/FINAL_SYS/U_ALU/alu_out_reg[3]

  Ref  DFF        Ref:/WORK/FINAL_SYS/U_ALU/alu_out_reg[4]
  Impl DFF        Imp:/WORK/FINAL_SYS/U_ALU/alu_out_reg[4]

  Ref  DFF        Ref:/WORK/FINAL_SYS/U_ALU/alu_out_reg[5]
  Impl DFF        Imp:/WORK/FINAL_SYS/U_ALU/alu_out_reg[5]

  Ref  DFF        Ref:/WORK/FINAL_SYS/U_ALU/alu_out_reg[6]
  Impl DFF        Imp:/WORK/FINAL_SYS/U_ALU/alu_out_reg[6]

  Ref  DFF        Ref:/WORK/FINAL_SYS/U_ALU/alu_out_reg[7]
  Impl DFF        Imp:/WORK/FINAL_SYS/U_ALU/alu_out_reg[7]

  Ref  DFF        Ref:/WORK/FINAL_SYS/U_ALU/alu_out_reg[8]
  Impl DFF        Imp:/WORK/FINAL_SYS/U_ALU/alu_out_reg[8]

  Ref  DFF        Ref:/WORK/FINAL_SYS/U_ALU/alu_out_reg[9]
  Impl DFF        Imp:/WORK/FINAL_SYS/U_ALU/alu_out_reg[9]

  Ref  DFF        Ref:/WORK/FINAL_SYS/U_ALU/o_Vid_ALU_reg
  Impl DFF        Imp:/WORK/FINAL_SYS/U_ALU/o_Vid_ALU_reg

  Ref  DFF        Ref:/WORK/FINAL_SYS/U_CLK_DIV_1/counter_reg[0]
  Impl DFF        Imp:/WORK/FINAL_SYS/U_CLK_DIV_1/counter_reg[0]

  Ref  DFF        Ref:/WORK/FINAL_SYS/U_CLK_DIV_1/counter_reg[1]
  Impl DFF        Imp:/WORK/FINAL_SYS/U_CLK_DIV_1/counter_reg[1]

  Ref  DFF        Ref:/WORK/FINAL_SYS/U_CLK_DIV_1/counter_reg[2]
  Impl DFF        Imp:/WORK/FINAL_SYS/U_CLK_DIV_1/counter_reg[2]

  Ref  DFF        Ref:/WORK/FINAL_SYS/U_CLK_DIV_1/counter_reg[3]
  Impl DFF        Imp:/WORK/FINAL_SYS/U_CLK_DIV_1/counter_reg[3]

  Ref  DFF        Ref:/WORK/FINAL_SYS/U_CLK_DIV_1/counter_reg[4]
  Impl DFF        Imp:/WORK/FINAL_SYS/U_CLK_DIV_1/counter_reg[4]

  Ref  DFF        Ref:/WORK/FINAL_SYS/U_CLK_DIV_1/counter_reg[5]
  Impl DFF        Imp:/WORK/FINAL_SYS/U_CLK_DIV_1/counter_reg[5]

  Ref  DFF        Ref:/WORK/FINAL_SYS/U_CLK_DIV_1/counter_reg[6]
  Impl DFF        Imp:/WORK/FINAL_SYS/U_CLK_DIV_1/counter_reg[6]

  Ref  DFF        Ref:/WORK/FINAL_SYS/U_CLK_DIV_1/counter_reg[7]
  Impl DFF        Imp:/WORK/FINAL_SYS/U_CLK_DIV_1/counter_reg[7]

  Ref  DFF        Ref:/WORK/FINAL_SYS/U_CLK_DIV_1/flag_reg
  Impl DFF        Imp:/WORK/FINAL_SYS/U_CLK_DIV_1/flag_reg

  Ref  DFF        Ref:/WORK/FINAL_SYS/U_CLK_DIV_1/o_div_clk_C_reg
  Impl DFF        Imp:/WORK/FINAL_SYS/U_CLK_DIV_1/o_div_clk_C_reg

  Ref  DFF        Ref:/WORK/FINAL_SYS/U_CLK_DIV_2/counter_reg[0]
  Impl DFF        Imp:/WORK/FINAL_SYS/U_CLK_DIV_2/counter_reg[0]

  Ref  DFF        Ref:/WORK/FINAL_SYS/U_CLK_DIV_2/counter_reg[1]
  Impl DFF        Imp:/WORK/FINAL_SYS/U_CLK_DIV_2/counter_reg[1]

  Ref  DFF        Ref:/WORK/FINAL_SYS/U_CLK_DIV_2/counter_reg[2]
  Impl DFF        Imp:/WORK/FINAL_SYS/U_CLK_DIV_2/counter_reg[2]

  Ref  DFF        Ref:/WORK/FINAL_SYS/U_CLK_DIV_2/counter_reg[3]
  Impl DFF        Imp:/WORK/FINAL_SYS/U_CLK_DIV_2/counter_reg[3]

  Ref  DFF        Ref:/WORK/FINAL_SYS/U_CLK_DIV_2/counter_reg[4]
  Impl DFF        Imp:/WORK/FINAL_SYS/U_CLK_DIV_2/counter_reg[4]

  Ref  DFF        Ref:/WORK/FINAL_SYS/U_CLK_DIV_2/counter_reg[5]
  Impl DFF        Imp:/WORK/FINAL_SYS/U_CLK_DIV_2/counter_reg[5]

  Ref  DFF        Ref:/WORK/FINAL_SYS/U_CLK_DIV_2/counter_reg[6]
  Impl DFF        Imp:/WORK/FINAL_SYS/U_CLK_DIV_2/counter_reg[6]

  Ref  DFF        Ref:/WORK/FINAL_SYS/U_CLK_DIV_2/counter_reg[7]
  Impl DFF        Imp:/WORK/FINAL_SYS/U_CLK_DIV_2/counter_reg[7]

  Ref  DFF        Ref:/WORK/FINAL_SYS/U_CLK_DIV_2/flag_reg
  Impl DFF        Imp:/WORK/FINAL_SYS/U_CLK_DIV_2/flag_reg

  Ref  DFF        Ref:/WORK/FINAL_SYS/U_CLK_DIV_2/o_div_clk_C_reg
  Impl DFF        Imp:/WORK/FINAL_SYS/U_CLK_DIV_2/o_div_clk_C_reg

  Ref  DFF        Ref:/WORK/FINAL_SYS/U_Data_Sync/en_pulse_reg
  Impl DFF        Imp:/WORK/FINAL_SYS/U_Data_Sync/en_pulse_reg

  Ref  DFF        Ref:/WORK/FINAL_SYS/U_Data_Sync/enable_FF_reg
  Impl DFF        Imp:/WORK/FINAL_SYS/U_Data_Sync/enable_FF_reg

  Ref  DFF        Ref:/WORK/FINAL_SYS/U_Data_Sync/sync_bus_reg[0]
  Impl DFF        Imp:/WORK/FINAL_SYS/U_Data_Sync/sync_bus_reg[0]

  Ref  DFF        Ref:/WORK/FINAL_SYS/U_Data_Sync/sync_bus_reg[1]
  Impl DFF        Imp:/WORK/FINAL_SYS/U_Data_Sync/sync_bus_reg[1]

  Ref  DFF        Ref:/WORK/FINAL_SYS/U_Data_Sync/sync_bus_reg[2]
  Impl DFF        Imp:/WORK/FINAL_SYS/U_Data_Sync/sync_bus_reg[2]

  Ref  DFF        Ref:/WORK/FINAL_SYS/U_Data_Sync/sync_bus_reg[3]
  Impl DFF        Imp:/WORK/FINAL_SYS/U_Data_Sync/sync_bus_reg[3]

  Ref  DFF        Ref:/WORK/FINAL_SYS/U_Data_Sync/sync_bus_reg[4]
  Impl DFF        Imp:/WORK/FINAL_SYS/U_Data_Sync/sync_bus_reg[4]

  Ref  DFF        Ref:/WORK/FINAL_SYS/U_Data_Sync/sync_bus_reg[5]
  Impl DFF        Imp:/WORK/FINAL_SYS/U_Data_Sync/sync_bus_reg[5]

  Ref  DFF        Ref:/WORK/FINAL_SYS/U_Data_Sync/sync_bus_reg[6]
  Impl DFF        Imp:/WORK/FINAL_SYS/U_Data_Sync/sync_bus_reg[6]

  Ref  DFF        Ref:/WORK/FINAL_SYS/U_Data_Sync/sync_bus_reg[7]
  Impl DFF        Imp:/WORK/FINAL_SYS/U_Data_Sync/sync_bus_reg[7]

  Ref  DFF        Ref:/WORK/FINAL_SYS/U_Data_Sync/sync_reg_reg[0]
  Impl DFF        Imp:/WORK/FINAL_SYS/U_Data_Sync/sync_reg_reg[0]

  Ref  DFF        Ref:/WORK/FINAL_SYS/U_Data_Sync/sync_reg_reg[1]
  Impl DFF        Imp:/WORK/FINAL_SYS/U_Data_Sync/sync_reg_reg[1]

  Ref  DFF        Ref:/WORK/FINAL_SYS/U_FIFO/DF_SYNC_R/register_reg[0][0]
  Impl DFF        Imp:/WORK/FINAL_SYS/U_FIFO/DF_SYNC_R/register_reg[0][0]

  Ref  DFF        Ref:/WORK/FINAL_SYS/U_FIFO/DF_SYNC_R/register_reg[0][1]
  Impl DFF        Imp:/WORK/FINAL_SYS/U_FIFO/DF_SYNC_R/register_reg[0][1]

  Ref  DFF        Ref:/WORK/FINAL_SYS/U_FIFO/DF_SYNC_R/register_reg[1][0]
  Impl DFF        Imp:/WORK/FINAL_SYS/U_FIFO/DF_SYNC_R/register_reg[1][0]

  Ref  DFF        Ref:/WORK/FINAL_SYS/U_FIFO/DF_SYNC_R/register_reg[1][1]
  Impl DFF        Imp:/WORK/FINAL_SYS/U_FIFO/DF_SYNC_R/register_reg[1][1]

  Ref  DFF        Ref:/WORK/FINAL_SYS/U_FIFO/DF_SYNC_R/register_reg[2][0]
  Impl DFF        Imp:/WORK/FINAL_SYS/U_FIFO/DF_SYNC_R/register_reg[2][0]

  Ref  DFF        Ref:/WORK/FINAL_SYS/U_FIFO/DF_SYNC_R/register_reg[2][1]
  Impl DFF        Imp:/WORK/FINAL_SYS/U_FIFO/DF_SYNC_R/register_reg[2][1]

  Ref  DFF        Ref:/WORK/FINAL_SYS/U_FIFO/DF_SYNC_R/register_reg[3][0]
  Impl DFF        Imp:/WORK/FINAL_SYS/U_FIFO/DF_SYNC_R/register_reg[3][0]

  Ref  DFF        Ref:/WORK/FINAL_SYS/U_FIFO/DF_SYNC_R/register_reg[3][1]
  Impl DFF        Imp:/WORK/FINAL_SYS/U_FIFO/DF_SYNC_R/register_reg[3][1]

  Ref  DFF        Ref:/WORK/FINAL_SYS/U_FIFO/DF_SYNC_R/register_reg[4][0]
  Impl DFF        Imp:/WORK/FINAL_SYS/U_FIFO/DF_SYNC_R/register_reg[4][0]

  Ref  DFF        Ref:/WORK/FINAL_SYS/U_FIFO/DF_SYNC_R/register_reg[4][1]
  Impl DFF        Imp:/WORK/FINAL_SYS/U_FIFO/DF_SYNC_R/register_reg[4][1]

  Ref  DFF        Ref:/WORK/FINAL_SYS/U_FIFO/DF_SYNC_W/register_reg[0][0]
  Impl DFF        Imp:/WORK/FINAL_SYS/U_FIFO/DF_SYNC_W/register_reg[0][0]

  Ref  DFF        Ref:/WORK/FINAL_SYS/U_FIFO/DF_SYNC_W/register_reg[0][1]
  Impl DFF        Imp:/WORK/FINAL_SYS/U_FIFO/DF_SYNC_W/register_reg[0][1]

  Ref  DFF        Ref:/WORK/FINAL_SYS/U_FIFO/DF_SYNC_W/register_reg[1][0]
  Impl DFF        Imp:/WORK/FINAL_SYS/U_FIFO/DF_SYNC_W/register_reg[1][0]

  Ref  DFF        Ref:/WORK/FINAL_SYS/U_FIFO/DF_SYNC_W/register_reg[1][1]
  Impl DFF        Imp:/WORK/FINAL_SYS/U_FIFO/DF_SYNC_W/register_reg[1][1]

  Ref  DFF        Ref:/WORK/FINAL_SYS/U_FIFO/DF_SYNC_W/register_reg[2][0]
  Impl DFF        Imp:/WORK/FINAL_SYS/U_FIFO/DF_SYNC_W/register_reg[2][0]

  Ref  DFF        Ref:/WORK/FINAL_SYS/U_FIFO/DF_SYNC_W/register_reg[2][1]
  Impl DFF        Imp:/WORK/FINAL_SYS/U_FIFO/DF_SYNC_W/register_reg[2][1]

  Ref  DFF        Ref:/WORK/FINAL_SYS/U_FIFO/DF_SYNC_W/register_reg[3][0]
  Impl DFF        Imp:/WORK/FINAL_SYS/U_FIFO/DF_SYNC_W/register_reg[3][0]

  Ref  DFF        Ref:/WORK/FINAL_SYS/U_FIFO/DF_SYNC_W/register_reg[3][1]
  Impl DFF        Imp:/WORK/FINAL_SYS/U_FIFO/DF_SYNC_W/register_reg[3][1]

  Ref  DFF        Ref:/WORK/FINAL_SYS/U_FIFO/DF_SYNC_W/register_reg[4][0]
  Impl DFF        Imp:/WORK/FINAL_SYS/U_FIFO/DF_SYNC_W/register_reg[4][0]

  Ref  DFF        Ref:/WORK/FINAL_SYS/U_FIFO/DF_SYNC_W/register_reg[4][1]
  Impl DFF        Imp:/WORK/FINAL_SYS/U_FIFO/DF_SYNC_W/register_reg[4][1]

  Ref  DFF        Ref:/WORK/FINAL_SYS/U_FIFO/FIFO_Memory_U0/Memory_reg[0][0]
  Impl DFF        Imp:/WORK/FINAL_SYS/U_FIFO/FIFO_Memory_U0/Memory_reg[0][0]

  Ref  DFF        Ref:/WORK/FINAL_SYS/U_FIFO/FIFO_Memory_U0/Memory_reg[0][1]
  Impl DFF        Imp:/WORK/FINAL_SYS/U_FIFO/FIFO_Memory_U0/Memory_reg[0][1]

  Ref  DFF        Ref:/WORK/FINAL_SYS/U_FIFO/FIFO_Memory_U0/Memory_reg[0][2]
  Impl DFF        Imp:/WORK/FINAL_SYS/U_FIFO/FIFO_Memory_U0/Memory_reg[0][2]

  Ref  DFF        Ref:/WORK/FINAL_SYS/U_FIFO/FIFO_Memory_U0/Memory_reg[0][3]
  Impl DFF        Imp:/WORK/FINAL_SYS/U_FIFO/FIFO_Memory_U0/Memory_reg[0][3]

  Ref  DFF        Ref:/WORK/FINAL_SYS/U_FIFO/FIFO_Memory_U0/Memory_reg[0][4]
  Impl DFF        Imp:/WORK/FINAL_SYS/U_FIFO/FIFO_Memory_U0/Memory_reg[0][4]

  Ref  DFF        Ref:/WORK/FINAL_SYS/U_FIFO/FIFO_Memory_U0/Memory_reg[0][5]
  Impl DFF        Imp:/WORK/FINAL_SYS/U_FIFO/FIFO_Memory_U0/Memory_reg[0][5]

  Ref  DFF        Ref:/WORK/FINAL_SYS/U_FIFO/FIFO_Memory_U0/Memory_reg[0][6]
  Impl DFF        Imp:/WORK/FINAL_SYS/U_FIFO/FIFO_Memory_U0/Memory_reg[0][6]

  Ref  DFF        Ref:/WORK/FINAL_SYS/U_FIFO/FIFO_Memory_U0/Memory_reg[0][7]
  Impl DFF        Imp:/WORK/FINAL_SYS/U_FIFO/FIFO_Memory_U0/Memory_reg[0][7]

  Ref  DFF        Ref:/WORK/FINAL_SYS/U_FIFO/FIFO_Memory_U0/Memory_reg[10][0]
  Impl DFF        Imp:/WORK/FINAL_SYS/U_FIFO/FIFO_Memory_U0/Memory_reg[10][0]

  Ref  DFF        Ref:/WORK/FINAL_SYS/U_FIFO/FIFO_Memory_U0/Memory_reg[10][1]
  Impl DFF        Imp:/WORK/FINAL_SYS/U_FIFO/FIFO_Memory_U0/Memory_reg[10][1]

  Ref  DFF        Ref:/WORK/FINAL_SYS/U_FIFO/FIFO_Memory_U0/Memory_reg[10][2]
  Impl DFF        Imp:/WORK/FINAL_SYS/U_FIFO/FIFO_Memory_U0/Memory_reg[10][2]

  Ref  DFF        Ref:/WORK/FINAL_SYS/U_FIFO/FIFO_Memory_U0/Memory_reg[10][3]
  Impl DFF        Imp:/WORK/FINAL_SYS/U_FIFO/FIFO_Memory_U0/Memory_reg[10][3]

  Ref  DFF        Ref:/WORK/FINAL_SYS/U_FIFO/FIFO_Memory_U0/Memory_reg[10][4]
  Impl DFF        Imp:/WORK/FINAL_SYS/U_FIFO/FIFO_Memory_U0/Memory_reg[10][4]

  Ref  DFF        Ref:/WORK/FINAL_SYS/U_FIFO/FIFO_Memory_U0/Memory_reg[10][5]
  Impl DFF        Imp:/WORK/FINAL_SYS/U_FIFO/FIFO_Memory_U0/Memory_reg[10][5]

  Ref  DFF        Ref:/WORK/FINAL_SYS/U_FIFO/FIFO_Memory_U0/Memory_reg[10][6]
  Impl DFF        Imp:/WORK/FINAL_SYS/U_FIFO/FIFO_Memory_U0/Memory_reg[10][6]

  Ref  DFF        Ref:/WORK/FINAL_SYS/U_FIFO/FIFO_Memory_U0/Memory_reg[10][7]
  Impl DFF        Imp:/WORK/FINAL_SYS/U_FIFO/FIFO_Memory_U0/Memory_reg[10][7]

  Ref  DFF        Ref:/WORK/FINAL_SYS/U_FIFO/FIFO_Memory_U0/Memory_reg[11][0]
  Impl DFF        Imp:/WORK/FINAL_SYS/U_FIFO/FIFO_Memory_U0/Memory_reg[11][0]

  Ref  DFF        Ref:/WORK/FINAL_SYS/U_FIFO/FIFO_Memory_U0/Memory_reg[11][1]
  Impl DFF        Imp:/WORK/FINAL_SYS/U_FIFO/FIFO_Memory_U0/Memory_reg[11][1]

  Ref  DFF        Ref:/WORK/FINAL_SYS/U_FIFO/FIFO_Memory_U0/Memory_reg[11][2]
  Impl DFF        Imp:/WORK/FINAL_SYS/U_FIFO/FIFO_Memory_U0/Memory_reg[11][2]

  Ref  DFF        Ref:/WORK/FINAL_SYS/U_FIFO/FIFO_Memory_U0/Memory_reg[11][3]
  Impl DFF        Imp:/WORK/FINAL_SYS/U_FIFO/FIFO_Memory_U0/Memory_reg[11][3]

  Ref  DFF        Ref:/WORK/FINAL_SYS/U_FIFO/FIFO_Memory_U0/Memory_reg[11][4]
  Impl DFF        Imp:/WORK/FINAL_SYS/U_FIFO/FIFO_Memory_U0/Memory_reg[11][4]

  Ref  DFF        Ref:/WORK/FINAL_SYS/U_FIFO/FIFO_Memory_U0/Memory_reg[11][5]
  Impl DFF        Imp:/WORK/FINAL_SYS/U_FIFO/FIFO_Memory_U0/Memory_reg[11][5]

  Ref  DFF        Ref:/WORK/FINAL_SYS/U_FIFO/FIFO_Memory_U0/Memory_reg[11][6]
  Impl DFF        Imp:/WORK/FINAL_SYS/U_FIFO/FIFO_Memory_U0/Memory_reg[11][6]

  Ref  DFF        Ref:/WORK/FINAL_SYS/U_FIFO/FIFO_Memory_U0/Memory_reg[11][7]
  Impl DFF        Imp:/WORK/FINAL_SYS/U_FIFO/FIFO_Memory_U0/Memory_reg[11][7]

  Ref  DFF        Ref:/WORK/FINAL_SYS/U_FIFO/FIFO_Memory_U0/Memory_reg[12][0]
  Impl DFF        Imp:/WORK/FINAL_SYS/U_FIFO/FIFO_Memory_U0/Memory_reg[12][0]

  Ref  DFF        Ref:/WORK/FINAL_SYS/U_FIFO/FIFO_Memory_U0/Memory_reg[12][1]
  Impl DFF        Imp:/WORK/FINAL_SYS/U_FIFO/FIFO_Memory_U0/Memory_reg[12][1]

  Ref  DFF        Ref:/WORK/FINAL_SYS/U_FIFO/FIFO_Memory_U0/Memory_reg[12][2]
  Impl DFF        Imp:/WORK/FINAL_SYS/U_FIFO/FIFO_Memory_U0/Memory_reg[12][2]

  Ref  DFF        Ref:/WORK/FINAL_SYS/U_FIFO/FIFO_Memory_U0/Memory_reg[12][3]
  Impl DFF        Imp:/WORK/FINAL_SYS/U_FIFO/FIFO_Memory_U0/Memory_reg[12][3]

  Ref  DFF        Ref:/WORK/FINAL_SYS/U_FIFO/FIFO_Memory_U0/Memory_reg[12][4]
  Impl DFF        Imp:/WORK/FINAL_SYS/U_FIFO/FIFO_Memory_U0/Memory_reg[12][4]

  Ref  DFF        Ref:/WORK/FINAL_SYS/U_FIFO/FIFO_Memory_U0/Memory_reg[12][5]
  Impl DFF        Imp:/WORK/FINAL_SYS/U_FIFO/FIFO_Memory_U0/Memory_reg[12][5]

  Ref  DFF        Ref:/WORK/FINAL_SYS/U_FIFO/FIFO_Memory_U0/Memory_reg[12][6]
  Impl DFF        Imp:/WORK/FINAL_SYS/U_FIFO/FIFO_Memory_U0/Memory_reg[12][6]

  Ref  DFF        Ref:/WORK/FINAL_SYS/U_FIFO/FIFO_Memory_U0/Memory_reg[12][7]
  Impl DFF        Imp:/WORK/FINAL_SYS/U_FIFO/FIFO_Memory_U0/Memory_reg[12][7]

  Ref  DFF        Ref:/WORK/FINAL_SYS/U_FIFO/FIFO_Memory_U0/Memory_reg[13][0]
  Impl DFF        Imp:/WORK/FINAL_SYS/U_FIFO/FIFO_Memory_U0/Memory_reg[13][0]

  Ref  DFF        Ref:/WORK/FINAL_SYS/U_FIFO/FIFO_Memory_U0/Memory_reg[13][1]
  Impl DFF        Imp:/WORK/FINAL_SYS/U_FIFO/FIFO_Memory_U0/Memory_reg[13][1]

  Ref  DFF        Ref:/WORK/FINAL_SYS/U_FIFO/FIFO_Memory_U0/Memory_reg[13][2]
  Impl DFF        Imp:/WORK/FINAL_SYS/U_FIFO/FIFO_Memory_U0/Memory_reg[13][2]

  Ref  DFF        Ref:/WORK/FINAL_SYS/U_FIFO/FIFO_Memory_U0/Memory_reg[13][3]
  Impl DFF        Imp:/WORK/FINAL_SYS/U_FIFO/FIFO_Memory_U0/Memory_reg[13][3]

  Ref  DFF        Ref:/WORK/FINAL_SYS/U_FIFO/FIFO_Memory_U0/Memory_reg[13][4]
  Impl DFF        Imp:/WORK/FINAL_SYS/U_FIFO/FIFO_Memory_U0/Memory_reg[13][4]

  Ref  DFF        Ref:/WORK/FINAL_SYS/U_FIFO/FIFO_Memory_U0/Memory_reg[13][5]
  Impl DFF        Imp:/WORK/FINAL_SYS/U_FIFO/FIFO_Memory_U0/Memory_reg[13][5]

  Ref  DFF        Ref:/WORK/FINAL_SYS/U_FIFO/FIFO_Memory_U0/Memory_reg[13][6]
  Impl DFF        Imp:/WORK/FINAL_SYS/U_FIFO/FIFO_Memory_U0/Memory_reg[13][6]

  Ref  DFF        Ref:/WORK/FINAL_SYS/U_FIFO/FIFO_Memory_U0/Memory_reg[13][7]
  Impl DFF        Imp:/WORK/FINAL_SYS/U_FIFO/FIFO_Memory_U0/Memory_reg[13][7]

  Ref  DFF        Ref:/WORK/FINAL_SYS/U_FIFO/FIFO_Memory_U0/Memory_reg[14][0]
  Impl DFF        Imp:/WORK/FINAL_SYS/U_FIFO/FIFO_Memory_U0/Memory_reg[14][0]

  Ref  DFF        Ref:/WORK/FINAL_SYS/U_FIFO/FIFO_Memory_U0/Memory_reg[14][1]
  Impl DFF        Imp:/WORK/FINAL_SYS/U_FIFO/FIFO_Memory_U0/Memory_reg[14][1]

  Ref  DFF        Ref:/WORK/FINAL_SYS/U_FIFO/FIFO_Memory_U0/Memory_reg[14][2]
  Impl DFF        Imp:/WORK/FINAL_SYS/U_FIFO/FIFO_Memory_U0/Memory_reg[14][2]

  Ref  DFF        Ref:/WORK/FINAL_SYS/U_FIFO/FIFO_Memory_U0/Memory_reg[14][3]
  Impl DFF        Imp:/WORK/FINAL_SYS/U_FIFO/FIFO_Memory_U0/Memory_reg[14][3]

  Ref  DFF        Ref:/WORK/FINAL_SYS/U_FIFO/FIFO_Memory_U0/Memory_reg[14][4]
  Impl DFF        Imp:/WORK/FINAL_SYS/U_FIFO/FIFO_Memory_U0/Memory_reg[14][4]

  Ref  DFF        Ref:/WORK/FINAL_SYS/U_FIFO/FIFO_Memory_U0/Memory_reg[14][5]
  Impl DFF        Imp:/WORK/FINAL_SYS/U_FIFO/FIFO_Memory_U0/Memory_reg[14][5]

  Ref  DFF        Ref:/WORK/FINAL_SYS/U_FIFO/FIFO_Memory_U0/Memory_reg[14][6]
  Impl DFF        Imp:/WORK/FINAL_SYS/U_FIFO/FIFO_Memory_U0/Memory_reg[14][6]

  Ref  DFF        Ref:/WORK/FINAL_SYS/U_FIFO/FIFO_Memory_U0/Memory_reg[14][7]
  Impl DFF        Imp:/WORK/FINAL_SYS/U_FIFO/FIFO_Memory_U0/Memory_reg[14][7]

  Ref  DFF        Ref:/WORK/FINAL_SYS/U_FIFO/FIFO_Memory_U0/Memory_reg[15][0]
  Impl DFF        Imp:/WORK/FINAL_SYS/U_FIFO/FIFO_Memory_U0/Memory_reg[15][0]

  Ref  DFF        Ref:/WORK/FINAL_SYS/U_FIFO/FIFO_Memory_U0/Memory_reg[15][1]
  Impl DFF        Imp:/WORK/FINAL_SYS/U_FIFO/FIFO_Memory_U0/Memory_reg[15][1]

  Ref  DFF        Ref:/WORK/FINAL_SYS/U_FIFO/FIFO_Memory_U0/Memory_reg[15][2]
  Impl DFF        Imp:/WORK/FINAL_SYS/U_FIFO/FIFO_Memory_U0/Memory_reg[15][2]

  Ref  DFF        Ref:/WORK/FINAL_SYS/U_FIFO/FIFO_Memory_U0/Memory_reg[15][3]
  Impl DFF        Imp:/WORK/FINAL_SYS/U_FIFO/FIFO_Memory_U0/Memory_reg[15][3]

  Ref  DFF        Ref:/WORK/FINAL_SYS/U_FIFO/FIFO_Memory_U0/Memory_reg[15][4]
  Impl DFF        Imp:/WORK/FINAL_SYS/U_FIFO/FIFO_Memory_U0/Memory_reg[15][4]

  Ref  DFF        Ref:/WORK/FINAL_SYS/U_FIFO/FIFO_Memory_U0/Memory_reg[15][5]
  Impl DFF        Imp:/WORK/FINAL_SYS/U_FIFO/FIFO_Memory_U0/Memory_reg[15][5]

  Ref  DFF        Ref:/WORK/FINAL_SYS/U_FIFO/FIFO_Memory_U0/Memory_reg[15][6]
  Impl DFF        Imp:/WORK/FINAL_SYS/U_FIFO/FIFO_Memory_U0/Memory_reg[15][6]

  Ref  DFF        Ref:/WORK/FINAL_SYS/U_FIFO/FIFO_Memory_U0/Memory_reg[15][7]
  Impl DFF        Imp:/WORK/FINAL_SYS/U_FIFO/FIFO_Memory_U0/Memory_reg[15][7]

  Ref  DFF        Ref:/WORK/FINAL_SYS/U_FIFO/FIFO_Memory_U0/Memory_reg[1][0]
  Impl DFF        Imp:/WORK/FINAL_SYS/U_FIFO/FIFO_Memory_U0/Memory_reg[1][0]

  Ref  DFF        Ref:/WORK/FINAL_SYS/U_FIFO/FIFO_Memory_U0/Memory_reg[1][1]
  Impl DFF        Imp:/WORK/FINAL_SYS/U_FIFO/FIFO_Memory_U0/Memory_reg[1][1]

  Ref  DFF        Ref:/WORK/FINAL_SYS/U_FIFO/FIFO_Memory_U0/Memory_reg[1][2]
  Impl DFF        Imp:/WORK/FINAL_SYS/U_FIFO/FIFO_Memory_U0/Memory_reg[1][2]

  Ref  DFF        Ref:/WORK/FINAL_SYS/U_FIFO/FIFO_Memory_U0/Memory_reg[1][3]
  Impl DFF        Imp:/WORK/FINAL_SYS/U_FIFO/FIFO_Memory_U0/Memory_reg[1][3]

  Ref  DFF        Ref:/WORK/FINAL_SYS/U_FIFO/FIFO_Memory_U0/Memory_reg[1][4]
  Impl DFF        Imp:/WORK/FINAL_SYS/U_FIFO/FIFO_Memory_U0/Memory_reg[1][4]

  Ref  DFF        Ref:/WORK/FINAL_SYS/U_FIFO/FIFO_Memory_U0/Memory_reg[1][5]
  Impl DFF        Imp:/WORK/FINAL_SYS/U_FIFO/FIFO_Memory_U0/Memory_reg[1][5]

  Ref  DFF        Ref:/WORK/FINAL_SYS/U_FIFO/FIFO_Memory_U0/Memory_reg[1][6]
  Impl DFF        Imp:/WORK/FINAL_SYS/U_FIFO/FIFO_Memory_U0/Memory_reg[1][6]

  Ref  DFF        Ref:/WORK/FINAL_SYS/U_FIFO/FIFO_Memory_U0/Memory_reg[1][7]
  Impl DFF        Imp:/WORK/FINAL_SYS/U_FIFO/FIFO_Memory_U0/Memory_reg[1][7]

  Ref  DFF        Ref:/WORK/FINAL_SYS/U_FIFO/FIFO_Memory_U0/Memory_reg[2][0]
  Impl DFF        Imp:/WORK/FINAL_SYS/U_FIFO/FIFO_Memory_U0/Memory_reg[2][0]

  Ref  DFF        Ref:/WORK/FINAL_SYS/U_FIFO/FIFO_Memory_U0/Memory_reg[2][1]
  Impl DFF        Imp:/WORK/FINAL_SYS/U_FIFO/FIFO_Memory_U0/Memory_reg[2][1]

  Ref  DFF        Ref:/WORK/FINAL_SYS/U_FIFO/FIFO_Memory_U0/Memory_reg[2][2]
  Impl DFF        Imp:/WORK/FINAL_SYS/U_FIFO/FIFO_Memory_U0/Memory_reg[2][2]

  Ref  DFF        Ref:/WORK/FINAL_SYS/U_FIFO/FIFO_Memory_U0/Memory_reg[2][3]
  Impl DFF        Imp:/WORK/FINAL_SYS/U_FIFO/FIFO_Memory_U0/Memory_reg[2][3]

  Ref  DFF        Ref:/WORK/FINAL_SYS/U_FIFO/FIFO_Memory_U0/Memory_reg[2][4]
  Impl DFF        Imp:/WORK/FINAL_SYS/U_FIFO/FIFO_Memory_U0/Memory_reg[2][4]

  Ref  DFF        Ref:/WORK/FINAL_SYS/U_FIFO/FIFO_Memory_U0/Memory_reg[2][5]
  Impl DFF        Imp:/WORK/FINAL_SYS/U_FIFO/FIFO_Memory_U0/Memory_reg[2][5]

  Ref  DFF        Ref:/WORK/FINAL_SYS/U_FIFO/FIFO_Memory_U0/Memory_reg[2][6]
  Impl DFF        Imp:/WORK/FINAL_SYS/U_FIFO/FIFO_Memory_U0/Memory_reg[2][6]

  Ref  DFF        Ref:/WORK/FINAL_SYS/U_FIFO/FIFO_Memory_U0/Memory_reg[2][7]
  Impl DFF        Imp:/WORK/FINAL_SYS/U_FIFO/FIFO_Memory_U0/Memory_reg[2][7]

  Ref  DFF        Ref:/WORK/FINAL_SYS/U_FIFO/FIFO_Memory_U0/Memory_reg[3][0]
  Impl DFF        Imp:/WORK/FINAL_SYS/U_FIFO/FIFO_Memory_U0/Memory_reg[3][0]

  Ref  DFF        Ref:/WORK/FINAL_SYS/U_FIFO/FIFO_Memory_U0/Memory_reg[3][1]
  Impl DFF        Imp:/WORK/FINAL_SYS/U_FIFO/FIFO_Memory_U0/Memory_reg[3][1]

  Ref  DFF        Ref:/WORK/FINAL_SYS/U_FIFO/FIFO_Memory_U0/Memory_reg[3][2]
  Impl DFF        Imp:/WORK/FINAL_SYS/U_FIFO/FIFO_Memory_U0/Memory_reg[3][2]

  Ref  DFF        Ref:/WORK/FINAL_SYS/U_FIFO/FIFO_Memory_U0/Memory_reg[3][3]
  Impl DFF        Imp:/WORK/FINAL_SYS/U_FIFO/FIFO_Memory_U0/Memory_reg[3][3]

  Ref  DFF        Ref:/WORK/FINAL_SYS/U_FIFO/FIFO_Memory_U0/Memory_reg[3][4]
  Impl DFF        Imp:/WORK/FINAL_SYS/U_FIFO/FIFO_Memory_U0/Memory_reg[3][4]

  Ref  DFF        Ref:/WORK/FINAL_SYS/U_FIFO/FIFO_Memory_U0/Memory_reg[3][5]
  Impl DFF        Imp:/WORK/FINAL_SYS/U_FIFO/FIFO_Memory_U0/Memory_reg[3][5]

  Ref  DFF        Ref:/WORK/FINAL_SYS/U_FIFO/FIFO_Memory_U0/Memory_reg[3][6]
  Impl DFF        Imp:/WORK/FINAL_SYS/U_FIFO/FIFO_Memory_U0/Memory_reg[3][6]

  Ref  DFF        Ref:/WORK/FINAL_SYS/U_FIFO/FIFO_Memory_U0/Memory_reg[3][7]
  Impl DFF        Imp:/WORK/FINAL_SYS/U_FIFO/FIFO_Memory_U0/Memory_reg[3][7]

  Ref  DFF        Ref:/WORK/FINAL_SYS/U_FIFO/FIFO_Memory_U0/Memory_reg[4][0]
  Impl DFF        Imp:/WORK/FINAL_SYS/U_FIFO/FIFO_Memory_U0/Memory_reg[4][0]

  Ref  DFF        Ref:/WORK/FINAL_SYS/U_FIFO/FIFO_Memory_U0/Memory_reg[4][1]
  Impl DFF        Imp:/WORK/FINAL_SYS/U_FIFO/FIFO_Memory_U0/Memory_reg[4][1]

  Ref  DFF        Ref:/WORK/FINAL_SYS/U_FIFO/FIFO_Memory_U0/Memory_reg[4][2]
  Impl DFF        Imp:/WORK/FINAL_SYS/U_FIFO/FIFO_Memory_U0/Memory_reg[4][2]

  Ref  DFF        Ref:/WORK/FINAL_SYS/U_FIFO/FIFO_Memory_U0/Memory_reg[4][3]
  Impl DFF        Imp:/WORK/FINAL_SYS/U_FIFO/FIFO_Memory_U0/Memory_reg[4][3]

  Ref  DFF        Ref:/WORK/FINAL_SYS/U_FIFO/FIFO_Memory_U0/Memory_reg[4][4]
  Impl DFF        Imp:/WORK/FINAL_SYS/U_FIFO/FIFO_Memory_U0/Memory_reg[4][4]

  Ref  DFF        Ref:/WORK/FINAL_SYS/U_FIFO/FIFO_Memory_U0/Memory_reg[4][5]
  Impl DFF        Imp:/WORK/FINAL_SYS/U_FIFO/FIFO_Memory_U0/Memory_reg[4][5]

  Ref  DFF        Ref:/WORK/FINAL_SYS/U_FIFO/FIFO_Memory_U0/Memory_reg[4][6]
  Impl DFF        Imp:/WORK/FINAL_SYS/U_FIFO/FIFO_Memory_U0/Memory_reg[4][6]

  Ref  DFF        Ref:/WORK/FINAL_SYS/U_FIFO/FIFO_Memory_U0/Memory_reg[4][7]
  Impl DFF        Imp:/WORK/FINAL_SYS/U_FIFO/FIFO_Memory_U0/Memory_reg[4][7]

  Ref  DFF        Ref:/WORK/FINAL_SYS/U_FIFO/FIFO_Memory_U0/Memory_reg[5][0]
  Impl DFF        Imp:/WORK/FINAL_SYS/U_FIFO/FIFO_Memory_U0/Memory_reg[5][0]

  Ref  DFF        Ref:/WORK/FINAL_SYS/U_FIFO/FIFO_Memory_U0/Memory_reg[5][1]
  Impl DFF        Imp:/WORK/FINAL_SYS/U_FIFO/FIFO_Memory_U0/Memory_reg[5][1]

  Ref  DFF        Ref:/WORK/FINAL_SYS/U_FIFO/FIFO_Memory_U0/Memory_reg[5][2]
  Impl DFF        Imp:/WORK/FINAL_SYS/U_FIFO/FIFO_Memory_U0/Memory_reg[5][2]

  Ref  DFF        Ref:/WORK/FINAL_SYS/U_FIFO/FIFO_Memory_U0/Memory_reg[5][3]
  Impl DFF        Imp:/WORK/FINAL_SYS/U_FIFO/FIFO_Memory_U0/Memory_reg[5][3]

  Ref  DFF        Ref:/WORK/FINAL_SYS/U_FIFO/FIFO_Memory_U0/Memory_reg[5][4]
  Impl DFF        Imp:/WORK/FINAL_SYS/U_FIFO/FIFO_Memory_U0/Memory_reg[5][4]

  Ref  DFF        Ref:/WORK/FINAL_SYS/U_FIFO/FIFO_Memory_U0/Memory_reg[5][5]
  Impl DFF        Imp:/WORK/FINAL_SYS/U_FIFO/FIFO_Memory_U0/Memory_reg[5][5]

  Ref  DFF        Ref:/WORK/FINAL_SYS/U_FIFO/FIFO_Memory_U0/Memory_reg[5][6]
  Impl DFF        Imp:/WORK/FINAL_SYS/U_FIFO/FIFO_Memory_U0/Memory_reg[5][6]

  Ref  DFF        Ref:/WORK/FINAL_SYS/U_FIFO/FIFO_Memory_U0/Memory_reg[5][7]
  Impl DFF        Imp:/WORK/FINAL_SYS/U_FIFO/FIFO_Memory_U0/Memory_reg[5][7]

  Ref  DFF        Ref:/WORK/FINAL_SYS/U_FIFO/FIFO_Memory_U0/Memory_reg[6][0]
  Impl DFF        Imp:/WORK/FINAL_SYS/U_FIFO/FIFO_Memory_U0/Memory_reg[6][0]

  Ref  DFF        Ref:/WORK/FINAL_SYS/U_FIFO/FIFO_Memory_U0/Memory_reg[6][1]
  Impl DFF        Imp:/WORK/FINAL_SYS/U_FIFO/FIFO_Memory_U0/Memory_reg[6][1]

  Ref  DFF        Ref:/WORK/FINAL_SYS/U_FIFO/FIFO_Memory_U0/Memory_reg[6][2]
  Impl DFF        Imp:/WORK/FINAL_SYS/U_FIFO/FIFO_Memory_U0/Memory_reg[6][2]

  Ref  DFF        Ref:/WORK/FINAL_SYS/U_FIFO/FIFO_Memory_U0/Memory_reg[6][3]
  Impl DFF        Imp:/WORK/FINAL_SYS/U_FIFO/FIFO_Memory_U0/Memory_reg[6][3]

  Ref  DFF        Ref:/WORK/FINAL_SYS/U_FIFO/FIFO_Memory_U0/Memory_reg[6][4]
  Impl DFF        Imp:/WORK/FINAL_SYS/U_FIFO/FIFO_Memory_U0/Memory_reg[6][4]

  Ref  DFF        Ref:/WORK/FINAL_SYS/U_FIFO/FIFO_Memory_U0/Memory_reg[6][5]
  Impl DFF        Imp:/WORK/FINAL_SYS/U_FIFO/FIFO_Memory_U0/Memory_reg[6][5]

  Ref  DFF        Ref:/WORK/FINAL_SYS/U_FIFO/FIFO_Memory_U0/Memory_reg[6][6]
  Impl DFF        Imp:/WORK/FINAL_SYS/U_FIFO/FIFO_Memory_U0/Memory_reg[6][6]

  Ref  DFF        Ref:/WORK/FINAL_SYS/U_FIFO/FIFO_Memory_U0/Memory_reg[6][7]
  Impl DFF        Imp:/WORK/FINAL_SYS/U_FIFO/FIFO_Memory_U0/Memory_reg[6][7]

  Ref  DFF        Ref:/WORK/FINAL_SYS/U_FIFO/FIFO_Memory_U0/Memory_reg[7][0]
  Impl DFF        Imp:/WORK/FINAL_SYS/U_FIFO/FIFO_Memory_U0/Memory_reg[7][0]

  Ref  DFF        Ref:/WORK/FINAL_SYS/U_FIFO/FIFO_Memory_U0/Memory_reg[7][1]
  Impl DFF        Imp:/WORK/FINAL_SYS/U_FIFO/FIFO_Memory_U0/Memory_reg[7][1]

  Ref  DFF        Ref:/WORK/FINAL_SYS/U_FIFO/FIFO_Memory_U0/Memory_reg[7][2]
  Impl DFF        Imp:/WORK/FINAL_SYS/U_FIFO/FIFO_Memory_U0/Memory_reg[7][2]

  Ref  DFF        Ref:/WORK/FINAL_SYS/U_FIFO/FIFO_Memory_U0/Memory_reg[7][3]
  Impl DFF        Imp:/WORK/FINAL_SYS/U_FIFO/FIFO_Memory_U0/Memory_reg[7][3]

  Ref  DFF        Ref:/WORK/FINAL_SYS/U_FIFO/FIFO_Memory_U0/Memory_reg[7][4]
  Impl DFF        Imp:/WORK/FINAL_SYS/U_FIFO/FIFO_Memory_U0/Memory_reg[7][4]

  Ref  DFF        Ref:/WORK/FINAL_SYS/U_FIFO/FIFO_Memory_U0/Memory_reg[7][5]
  Impl DFF        Imp:/WORK/FINAL_SYS/U_FIFO/FIFO_Memory_U0/Memory_reg[7][5]

  Ref  DFF        Ref:/WORK/FINAL_SYS/U_FIFO/FIFO_Memory_U0/Memory_reg[7][6]
  Impl DFF        Imp:/WORK/FINAL_SYS/U_FIFO/FIFO_Memory_U0/Memory_reg[7][6]

  Ref  DFF        Ref:/WORK/FINAL_SYS/U_FIFO/FIFO_Memory_U0/Memory_reg[7][7]
  Impl DFF        Imp:/WORK/FINAL_SYS/U_FIFO/FIFO_Memory_U0/Memory_reg[7][7]

  Ref  DFF        Ref:/WORK/FINAL_SYS/U_FIFO/FIFO_Memory_U0/Memory_reg[8][0]
  Impl DFF        Imp:/WORK/FINAL_SYS/U_FIFO/FIFO_Memory_U0/Memory_reg[8][0]

  Ref  DFF        Ref:/WORK/FINAL_SYS/U_FIFO/FIFO_Memory_U0/Memory_reg[8][1]
  Impl DFF        Imp:/WORK/FINAL_SYS/U_FIFO/FIFO_Memory_U0/Memory_reg[8][1]

  Ref  DFF        Ref:/WORK/FINAL_SYS/U_FIFO/FIFO_Memory_U0/Memory_reg[8][2]
  Impl DFF        Imp:/WORK/FINAL_SYS/U_FIFO/FIFO_Memory_U0/Memory_reg[8][2]

  Ref  DFF        Ref:/WORK/FINAL_SYS/U_FIFO/FIFO_Memory_U0/Memory_reg[8][3]
  Impl DFF        Imp:/WORK/FINAL_SYS/U_FIFO/FIFO_Memory_U0/Memory_reg[8][3]

  Ref  DFF        Ref:/WORK/FINAL_SYS/U_FIFO/FIFO_Memory_U0/Memory_reg[8][4]
  Impl DFF        Imp:/WORK/FINAL_SYS/U_FIFO/FIFO_Memory_U0/Memory_reg[8][4]

  Ref  DFF        Ref:/WORK/FINAL_SYS/U_FIFO/FIFO_Memory_U0/Memory_reg[8][5]
  Impl DFF        Imp:/WORK/FINAL_SYS/U_FIFO/FIFO_Memory_U0/Memory_reg[8][5]

  Ref  DFF        Ref:/WORK/FINAL_SYS/U_FIFO/FIFO_Memory_U0/Memory_reg[8][6]
  Impl DFF        Imp:/WORK/FINAL_SYS/U_FIFO/FIFO_Memory_U0/Memory_reg[8][6]

  Ref  DFF        Ref:/WORK/FINAL_SYS/U_FIFO/FIFO_Memory_U0/Memory_reg[8][7]
  Impl DFF        Imp:/WORK/FINAL_SYS/U_FIFO/FIFO_Memory_U0/Memory_reg[8][7]

  Ref  DFF        Ref:/WORK/FINAL_SYS/U_FIFO/FIFO_Memory_U0/Memory_reg[9][0]
  Impl DFF        Imp:/WORK/FINAL_SYS/U_FIFO/FIFO_Memory_U0/Memory_reg[9][0]

  Ref  DFF        Ref:/WORK/FINAL_SYS/U_FIFO/FIFO_Memory_U0/Memory_reg[9][1]
  Impl DFF        Imp:/WORK/FINAL_SYS/U_FIFO/FIFO_Memory_U0/Memory_reg[9][1]

  Ref  DFF        Ref:/WORK/FINAL_SYS/U_FIFO/FIFO_Memory_U0/Memory_reg[9][2]
  Impl DFF        Imp:/WORK/FINAL_SYS/U_FIFO/FIFO_Memory_U0/Memory_reg[9][2]

  Ref  DFF        Ref:/WORK/FINAL_SYS/U_FIFO/FIFO_Memory_U0/Memory_reg[9][3]
  Impl DFF        Imp:/WORK/FINAL_SYS/U_FIFO/FIFO_Memory_U0/Memory_reg[9][3]

  Ref  DFF        Ref:/WORK/FINAL_SYS/U_FIFO/FIFO_Memory_U0/Memory_reg[9][4]
  Impl DFF        Imp:/WORK/FINAL_SYS/U_FIFO/FIFO_Memory_U0/Memory_reg[9][4]

  Ref  DFF        Ref:/WORK/FINAL_SYS/U_FIFO/FIFO_Memory_U0/Memory_reg[9][5]
  Impl DFF        Imp:/WORK/FINAL_SYS/U_FIFO/FIFO_Memory_U0/Memory_reg[9][5]

  Ref  DFF        Ref:/WORK/FINAL_SYS/U_FIFO/FIFO_Memory_U0/Memory_reg[9][6]
  Impl DFF        Imp:/WORK/FINAL_SYS/U_FIFO/FIFO_Memory_U0/Memory_reg[9][6]

  Ref  DFF        Ref:/WORK/FINAL_SYS/U_FIFO/FIFO_Memory_U0/Memory_reg[9][7]
  Impl DFF        Imp:/WORK/FINAL_SYS/U_FIFO/FIFO_Memory_U0/Memory_reg[9][7]

  Ref  DFF        Ref:/WORK/FINAL_SYS/U_FIFO/FIFO_Rptr_U2/o_rempty_reg
  Impl DFF        Imp:/WORK/FINAL_SYS/U_FIFO/FIFO_Rptr_U2/o_rempty_reg

  Ref  DFF        Ref:/WORK/FINAL_SYS/U_FIFO/FIFO_Rptr_U2/o_rptr_bn_reg[0]
  Impl DFF        Imp:/WORK/FINAL_SYS/U_FIFO/FIFO_Rptr_U2/o_rptr_bn_reg[0]

  Ref  DFF        Ref:/WORK/FINAL_SYS/U_FIFO/FIFO_Rptr_U2/o_rptr_bn_reg[1]
  Impl DFF        Imp:/WORK/FINAL_SYS/U_FIFO/FIFO_Rptr_U2/o_rptr_bn_reg[1]

  Ref  DFF        Ref:/WORK/FINAL_SYS/U_FIFO/FIFO_Rptr_U2/o_rptr_bn_reg[2]
  Impl DFF        Imp:/WORK/FINAL_SYS/U_FIFO/FIFO_Rptr_U2/o_rptr_bn_reg[2]

  Ref  DFF        Ref:/WORK/FINAL_SYS/U_FIFO/FIFO_Rptr_U2/o_rptr_bn_reg[3]
  Impl DFF        Imp:/WORK/FINAL_SYS/U_FIFO/FIFO_Rptr_U2/o_rptr_bn_reg[3]

  Ref  DFF        Ref:/WORK/FINAL_SYS/U_FIFO/FIFO_Rptr_U2/o_rptr_bn_reg[4]
  Impl DFF        Imp:/WORK/FINAL_SYS/U_FIFO/FIFO_Rptr_U2/o_rptr_bn_reg[4]

  Ref  DFF        Ref:/WORK/FINAL_SYS/U_FIFO/FIFO_Rptr_U2/o_rptr_gray_reg[0]
  Impl DFF        Imp:/WORK/FINAL_SYS/U_FIFO/FIFO_Rptr_U2/o_rptr_gray_reg[0]

  Ref  DFF        Ref:/WORK/FINAL_SYS/U_FIFO/FIFO_Rptr_U2/o_rptr_gray_reg[1]
  Impl DFF        Imp:/WORK/FINAL_SYS/U_FIFO/FIFO_Rptr_U2/o_rptr_gray_reg[1]

  Ref  DFF        Ref:/WORK/FINAL_SYS/U_FIFO/FIFO_Rptr_U2/o_rptr_gray_reg[2]
  Impl DFF        Imp:/WORK/FINAL_SYS/U_FIFO/FIFO_Rptr_U2/o_rptr_gray_reg[2]

  Ref  DFF        Ref:/WORK/FINAL_SYS/U_FIFO/FIFO_Rptr_U2/o_rptr_gray_reg[3]
  Impl DFF        Imp:/WORK/FINAL_SYS/U_FIFO/FIFO_Rptr_U2/o_rptr_gray_reg[3]

  Ref  DFF        Ref:/WORK/FINAL_SYS/U_FIFO/FIFO_Wptr_U1/o_wfull_reg
  Impl DFF        Imp:/WORK/FINAL_SYS/U_FIFO/FIFO_Wptr_U1/o_wfull_reg

  Ref  DFF        Ref:/WORK/FINAL_SYS/U_FIFO/FIFO_Wptr_U1/o_wptr_bn_reg[0]
  Impl DFF        Imp:/WORK/FINAL_SYS/U_FIFO/FIFO_Wptr_U1/o_wptr_bn_reg[0]

  Ref  DFF        Ref:/WORK/FINAL_SYS/U_FIFO/FIFO_Wptr_U1/o_wptr_bn_reg[1]
  Impl DFF        Imp:/WORK/FINAL_SYS/U_FIFO/FIFO_Wptr_U1/o_wptr_bn_reg[1]

  Ref  DFF        Ref:/WORK/FINAL_SYS/U_FIFO/FIFO_Wptr_U1/o_wptr_bn_reg[2]
  Impl DFF        Imp:/WORK/FINAL_SYS/U_FIFO/FIFO_Wptr_U1/o_wptr_bn_reg[2]

  Ref  DFF        Ref:/WORK/FINAL_SYS/U_FIFO/FIFO_Wptr_U1/o_wptr_bn_reg[3]
  Impl DFF        Imp:/WORK/FINAL_SYS/U_FIFO/FIFO_Wptr_U1/o_wptr_bn_reg[3]

  Ref  DFF        Ref:/WORK/FINAL_SYS/U_FIFO/FIFO_Wptr_U1/o_wptr_gray_reg[0]
  Impl DFF        Imp:/WORK/FINAL_SYS/U_FIFO/FIFO_Wptr_U1/o_wptr_gray_reg[0]

  Ref  DFF        Ref:/WORK/FINAL_SYS/U_FIFO/FIFO_Wptr_U1/o_wptr_gray_reg[1]
  Impl DFF        Imp:/WORK/FINAL_SYS/U_FIFO/FIFO_Wptr_U1/o_wptr_gray_reg[1]

  Ref  DFF        Ref:/WORK/FINAL_SYS/U_FIFO/FIFO_Wptr_U1/o_wptr_gray_reg[2]
  Impl DFF        Imp:/WORK/FINAL_SYS/U_FIFO/FIFO_Wptr_U1/o_wptr_gray_reg[2]

  Ref  DFF        Ref:/WORK/FINAL_SYS/U_FIFO/FIFO_Wptr_U1/o_wptr_gray_reg[3]
  Impl DFF        Imp:/WORK/FINAL_SYS/U_FIFO/FIFO_Wptr_U1/o_wptr_gray_reg[3]

  Ref  DFF        Ref:/WORK/FINAL_SYS/U_FIFO/FIFO_Wptr_U1/o_wptr_gray_reg[4]
  Impl DFF        Imp:/WORK/FINAL_SYS/U_FIFO/FIFO_Wptr_U1/o_wptr_gray_reg[4]

  Ref  DFF        Ref:/WORK/FINAL_SYS/U_Pulse_GEN/PULSE_SIG_reg
  Impl DFF        Imp:/WORK/FINAL_SYS/U_Pulse_GEN/PULSE_SIG_reg

  Ref  DFF        Ref:/WORK/FINAL_SYS/U_Pulse_GEN/enable_FF_reg
  Impl DFF        Imp:/WORK/FINAL_SYS/U_Pulse_GEN/enable_FF_reg

  Ref  DFF        Ref:/WORK/FINAL_SYS/U_REG_File/Memory_reg[0][0]
  Impl DFF        Imp:/WORK/FINAL_SYS/U_REG_File/Memory_reg[0][0]

  Ref  DFF        Ref:/WORK/FINAL_SYS/U_REG_File/Memory_reg[0][1]
  Impl DFF        Imp:/WORK/FINAL_SYS/U_REG_File/Memory_reg[0][1]

  Ref  DFF        Ref:/WORK/FINAL_SYS/U_REG_File/Memory_reg[0][2]
  Impl DFF        Imp:/WORK/FINAL_SYS/U_REG_File/Memory_reg[0][2]

  Ref  DFF        Ref:/WORK/FINAL_SYS/U_REG_File/Memory_reg[0][3]
  Impl DFF        Imp:/WORK/FINAL_SYS/U_REG_File/Memory_reg[0][3]

  Ref  DFF        Ref:/WORK/FINAL_SYS/U_REG_File/Memory_reg[0][4]
  Impl DFF        Imp:/WORK/FINAL_SYS/U_REG_File/Memory_reg[0][4]

  Ref  DFF        Ref:/WORK/FINAL_SYS/U_REG_File/Memory_reg[0][5]
  Impl DFF        Imp:/WORK/FINAL_SYS/U_REG_File/Memory_reg[0][5]

  Ref  DFF        Ref:/WORK/FINAL_SYS/U_REG_File/Memory_reg[0][6]
  Impl DFF        Imp:/WORK/FINAL_SYS/U_REG_File/Memory_reg[0][6]

  Ref  DFF        Ref:/WORK/FINAL_SYS/U_REG_File/Memory_reg[0][7]
  Impl DFF        Imp:/WORK/FINAL_SYS/U_REG_File/Memory_reg[0][7]

  Ref  DFF        Ref:/WORK/FINAL_SYS/U_REG_File/Memory_reg[10][0]
  Impl DFF        Imp:/WORK/FINAL_SYS/U_REG_File/Memory_reg[10][0]

  Ref  DFF        Ref:/WORK/FINAL_SYS/U_REG_File/Memory_reg[10][1]
  Impl DFF        Imp:/WORK/FINAL_SYS/U_REG_File/Memory_reg[10][1]

  Ref  DFF        Ref:/WORK/FINAL_SYS/U_REG_File/Memory_reg[10][2]
  Impl DFF        Imp:/WORK/FINAL_SYS/U_REG_File/Memory_reg[10][2]

  Ref  DFF        Ref:/WORK/FINAL_SYS/U_REG_File/Memory_reg[10][3]
  Impl DFF        Imp:/WORK/FINAL_SYS/U_REG_File/Memory_reg[10][3]

  Ref  DFF        Ref:/WORK/FINAL_SYS/U_REG_File/Memory_reg[10][4]
  Impl DFF        Imp:/WORK/FINAL_SYS/U_REG_File/Memory_reg[10][4]

  Ref  DFF        Ref:/WORK/FINAL_SYS/U_REG_File/Memory_reg[10][5]
  Impl DFF        Imp:/WORK/FINAL_SYS/U_REG_File/Memory_reg[10][5]

  Ref  DFF        Ref:/WORK/FINAL_SYS/U_REG_File/Memory_reg[10][6]
  Impl DFF        Imp:/WORK/FINAL_SYS/U_REG_File/Memory_reg[10][6]

  Ref  DFF        Ref:/WORK/FINAL_SYS/U_REG_File/Memory_reg[10][7]
  Impl DFF        Imp:/WORK/FINAL_SYS/U_REG_File/Memory_reg[10][7]

  Ref  DFF        Ref:/WORK/FINAL_SYS/U_REG_File/Memory_reg[11][0]
  Impl DFF        Imp:/WORK/FINAL_SYS/U_REG_File/Memory_reg[11][0]

  Ref  DFF        Ref:/WORK/FINAL_SYS/U_REG_File/Memory_reg[11][1]
  Impl DFF        Imp:/WORK/FINAL_SYS/U_REG_File/Memory_reg[11][1]

  Ref  DFF        Ref:/WORK/FINAL_SYS/U_REG_File/Memory_reg[11][2]
  Impl DFF        Imp:/WORK/FINAL_SYS/U_REG_File/Memory_reg[11][2]

  Ref  DFF        Ref:/WORK/FINAL_SYS/U_REG_File/Memory_reg[11][3]
  Impl DFF        Imp:/WORK/FINAL_SYS/U_REG_File/Memory_reg[11][3]

  Ref  DFF        Ref:/WORK/FINAL_SYS/U_REG_File/Memory_reg[11][4]
  Impl DFF        Imp:/WORK/FINAL_SYS/U_REG_File/Memory_reg[11][4]

  Ref  DFF        Ref:/WORK/FINAL_SYS/U_REG_File/Memory_reg[11][5]
  Impl DFF        Imp:/WORK/FINAL_SYS/U_REG_File/Memory_reg[11][5]

  Ref  DFF        Ref:/WORK/FINAL_SYS/U_REG_File/Memory_reg[11][6]
  Impl DFF        Imp:/WORK/FINAL_SYS/U_REG_File/Memory_reg[11][6]

  Ref  DFF        Ref:/WORK/FINAL_SYS/U_REG_File/Memory_reg[11][7]
  Impl DFF        Imp:/WORK/FINAL_SYS/U_REG_File/Memory_reg[11][7]

  Ref  DFF        Ref:/WORK/FINAL_SYS/U_REG_File/Memory_reg[12][0]
  Impl DFF        Imp:/WORK/FINAL_SYS/U_REG_File/Memory_reg[12][0]

  Ref  DFF        Ref:/WORK/FINAL_SYS/U_REG_File/Memory_reg[12][1]
  Impl DFF        Imp:/WORK/FINAL_SYS/U_REG_File/Memory_reg[12][1]

  Ref  DFF        Ref:/WORK/FINAL_SYS/U_REG_File/Memory_reg[12][2]
  Impl DFF        Imp:/WORK/FINAL_SYS/U_REG_File/Memory_reg[12][2]

  Ref  DFF        Ref:/WORK/FINAL_SYS/U_REG_File/Memory_reg[12][3]
  Impl DFF        Imp:/WORK/FINAL_SYS/U_REG_File/Memory_reg[12][3]

  Ref  DFF        Ref:/WORK/FINAL_SYS/U_REG_File/Memory_reg[12][4]
  Impl DFF        Imp:/WORK/FINAL_SYS/U_REG_File/Memory_reg[12][4]

  Ref  DFF        Ref:/WORK/FINAL_SYS/U_REG_File/Memory_reg[12][5]
  Impl DFF        Imp:/WORK/FINAL_SYS/U_REG_File/Memory_reg[12][5]

  Ref  DFF        Ref:/WORK/FINAL_SYS/U_REG_File/Memory_reg[12][6]
  Impl DFF        Imp:/WORK/FINAL_SYS/U_REG_File/Memory_reg[12][6]

  Ref  DFF        Ref:/WORK/FINAL_SYS/U_REG_File/Memory_reg[12][7]
  Impl DFF        Imp:/WORK/FINAL_SYS/U_REG_File/Memory_reg[12][7]

  Ref  DFF        Ref:/WORK/FINAL_SYS/U_REG_File/Memory_reg[13][0]
  Impl DFF        Imp:/WORK/FINAL_SYS/U_REG_File/Memory_reg[13][0]

  Ref  DFF        Ref:/WORK/FINAL_SYS/U_REG_File/Memory_reg[13][1]
  Impl DFF        Imp:/WORK/FINAL_SYS/U_REG_File/Memory_reg[13][1]

  Ref  DFF        Ref:/WORK/FINAL_SYS/U_REG_File/Memory_reg[13][2]
  Impl DFF        Imp:/WORK/FINAL_SYS/U_REG_File/Memory_reg[13][2]

  Ref  DFF        Ref:/WORK/FINAL_SYS/U_REG_File/Memory_reg[13][3]
  Impl DFF        Imp:/WORK/FINAL_SYS/U_REG_File/Memory_reg[13][3]

  Ref  DFF        Ref:/WORK/FINAL_SYS/U_REG_File/Memory_reg[13][4]
  Impl DFF        Imp:/WORK/FINAL_SYS/U_REG_File/Memory_reg[13][4]

  Ref  DFF        Ref:/WORK/FINAL_SYS/U_REG_File/Memory_reg[13][5]
  Impl DFF        Imp:/WORK/FINAL_SYS/U_REG_File/Memory_reg[13][5]

  Ref  DFF        Ref:/WORK/FINAL_SYS/U_REG_File/Memory_reg[13][6]
  Impl DFF        Imp:/WORK/FINAL_SYS/U_REG_File/Memory_reg[13][6]

  Ref  DFF        Ref:/WORK/FINAL_SYS/U_REG_File/Memory_reg[13][7]
  Impl DFF        Imp:/WORK/FINAL_SYS/U_REG_File/Memory_reg[13][7]

  Ref  DFF        Ref:/WORK/FINAL_SYS/U_REG_File/Memory_reg[14][0]
  Impl DFF        Imp:/WORK/FINAL_SYS/U_REG_File/Memory_reg[14][0]

  Ref  DFF        Ref:/WORK/FINAL_SYS/U_REG_File/Memory_reg[14][1]
  Impl DFF        Imp:/WORK/FINAL_SYS/U_REG_File/Memory_reg[14][1]

  Ref  DFF        Ref:/WORK/FINAL_SYS/U_REG_File/Memory_reg[14][2]
  Impl DFF        Imp:/WORK/FINAL_SYS/U_REG_File/Memory_reg[14][2]

  Ref  DFF        Ref:/WORK/FINAL_SYS/U_REG_File/Memory_reg[14][3]
  Impl DFF        Imp:/WORK/FINAL_SYS/U_REG_File/Memory_reg[14][3]

  Ref  DFF        Ref:/WORK/FINAL_SYS/U_REG_File/Memory_reg[14][4]
  Impl DFF        Imp:/WORK/FINAL_SYS/U_REG_File/Memory_reg[14][4]

  Ref  DFF        Ref:/WORK/FINAL_SYS/U_REG_File/Memory_reg[14][5]
  Impl DFF        Imp:/WORK/FINAL_SYS/U_REG_File/Memory_reg[14][5]

  Ref  DFF        Ref:/WORK/FINAL_SYS/U_REG_File/Memory_reg[14][6]
  Impl DFF        Imp:/WORK/FINAL_SYS/U_REG_File/Memory_reg[14][6]

  Ref  DFF        Ref:/WORK/FINAL_SYS/U_REG_File/Memory_reg[14][7]
  Impl DFF        Imp:/WORK/FINAL_SYS/U_REG_File/Memory_reg[14][7]

  Ref  DFF        Ref:/WORK/FINAL_SYS/U_REG_File/Memory_reg[15][0]
  Impl DFF        Imp:/WORK/FINAL_SYS/U_REG_File/Memory_reg[15][0]

  Ref  DFF        Ref:/WORK/FINAL_SYS/U_REG_File/Memory_reg[15][1]
  Impl DFF        Imp:/WORK/FINAL_SYS/U_REG_File/Memory_reg[15][1]

  Ref  DFF        Ref:/WORK/FINAL_SYS/U_REG_File/Memory_reg[15][2]
  Impl DFF        Imp:/WORK/FINAL_SYS/U_REG_File/Memory_reg[15][2]

  Ref  DFF        Ref:/WORK/FINAL_SYS/U_REG_File/Memory_reg[15][3]
  Impl DFF        Imp:/WORK/FINAL_SYS/U_REG_File/Memory_reg[15][3]

  Ref  DFF        Ref:/WORK/FINAL_SYS/U_REG_File/Memory_reg[15][4]
  Impl DFF        Imp:/WORK/FINAL_SYS/U_REG_File/Memory_reg[15][4]

  Ref  DFF        Ref:/WORK/FINAL_SYS/U_REG_File/Memory_reg[15][5]
  Impl DFF        Imp:/WORK/FINAL_SYS/U_REG_File/Memory_reg[15][5]

  Ref  DFF        Ref:/WORK/FINAL_SYS/U_REG_File/Memory_reg[15][6]
  Impl DFF        Imp:/WORK/FINAL_SYS/U_REG_File/Memory_reg[15][6]

  Ref  DFF        Ref:/WORK/FINAL_SYS/U_REG_File/Memory_reg[15][7]
  Impl DFF        Imp:/WORK/FINAL_SYS/U_REG_File/Memory_reg[15][7]

  Ref  DFF        Ref:/WORK/FINAL_SYS/U_REG_File/Memory_reg[1][0]
  Impl DFF        Imp:/WORK/FINAL_SYS/U_REG_File/Memory_reg[1][0]

  Ref  DFF        Ref:/WORK/FINAL_SYS/U_REG_File/Memory_reg[1][1]
  Impl DFF        Imp:/WORK/FINAL_SYS/U_REG_File/Memory_reg[1][1]

  Ref  DFF        Ref:/WORK/FINAL_SYS/U_REG_File/Memory_reg[1][2]
  Impl DFF        Imp:/WORK/FINAL_SYS/U_REG_File/Memory_reg[1][2]

  Ref  DFF        Ref:/WORK/FINAL_SYS/U_REG_File/Memory_reg[1][3]
  Impl DFF        Imp:/WORK/FINAL_SYS/U_REG_File/Memory_reg[1][3]

  Ref  DFF        Ref:/WORK/FINAL_SYS/U_REG_File/Memory_reg[1][4]
  Impl DFF        Imp:/WORK/FINAL_SYS/U_REG_File/Memory_reg[1][4]

  Ref  DFF        Ref:/WORK/FINAL_SYS/U_REG_File/Memory_reg[1][5]
  Impl DFF        Imp:/WORK/FINAL_SYS/U_REG_File/Memory_reg[1][5]

  Ref  DFF        Ref:/WORK/FINAL_SYS/U_REG_File/Memory_reg[1][6]
  Impl DFF        Imp:/WORK/FINAL_SYS/U_REG_File/Memory_reg[1][6]

  Ref  DFF        Ref:/WORK/FINAL_SYS/U_REG_File/Memory_reg[1][7]
  Impl DFF        Imp:/WORK/FINAL_SYS/U_REG_File/Memory_reg[1][7]

  Ref  DFF        Ref:/WORK/FINAL_SYS/U_REG_File/Memory_reg[2][0]
  Impl DFF        Imp:/WORK/FINAL_SYS/U_REG_File/Memory_reg[2][0]

  Ref  DFF        Ref:/WORK/FINAL_SYS/U_REG_File/Memory_reg[2][1]
  Impl DFF        Imp:/WORK/FINAL_SYS/U_REG_File/Memory_reg[2][1]

  Ref  DFF        Ref:/WORK/FINAL_SYS/U_REG_File/Memory_reg[2][2]
  Impl DFF        Imp:/WORK/FINAL_SYS/U_REG_File/Memory_reg[2][2]

  Ref  DFF        Ref:/WORK/FINAL_SYS/U_REG_File/Memory_reg[2][3]
  Impl DFF        Imp:/WORK/FINAL_SYS/U_REG_File/Memory_reg[2][3]

  Ref  DFF        Ref:/WORK/FINAL_SYS/U_REG_File/Memory_reg[2][4]
  Impl DFF        Imp:/WORK/FINAL_SYS/U_REG_File/Memory_reg[2][4]

  Ref  DFF        Ref:/WORK/FINAL_SYS/U_REG_File/Memory_reg[2][5]
  Impl DFF        Imp:/WORK/FINAL_SYS/U_REG_File/Memory_reg[2][5]

  Ref  DFF        Ref:/WORK/FINAL_SYS/U_REG_File/Memory_reg[2][6]
  Impl DFF        Imp:/WORK/FINAL_SYS/U_REG_File/Memory_reg[2][6]

  Ref  DFF        Ref:/WORK/FINAL_SYS/U_REG_File/Memory_reg[2][7]
  Impl DFF        Imp:/WORK/FINAL_SYS/U_REG_File/Memory_reg[2][7]

  Ref  DFF        Ref:/WORK/FINAL_SYS/U_REG_File/Memory_reg[3][0]
  Impl DFF        Imp:/WORK/FINAL_SYS/U_REG_File/Memory_reg[3][0]

  Ref  DFF        Ref:/WORK/FINAL_SYS/U_REG_File/Memory_reg[3][1]
  Impl DFF        Imp:/WORK/FINAL_SYS/U_REG_File/Memory_reg[3][1]

  Ref  DFF        Ref:/WORK/FINAL_SYS/U_REG_File/Memory_reg[3][2]
  Impl DFF        Imp:/WORK/FINAL_SYS/U_REG_File/Memory_reg[3][2]

  Ref  DFF        Ref:/WORK/FINAL_SYS/U_REG_File/Memory_reg[3][3]
  Impl DFF        Imp:/WORK/FINAL_SYS/U_REG_File/Memory_reg[3][3]

  Ref  DFF        Ref:/WORK/FINAL_SYS/U_REG_File/Memory_reg[3][4]
  Impl DFF        Imp:/WORK/FINAL_SYS/U_REG_File/Memory_reg[3][4]

  Ref  DFF        Ref:/WORK/FINAL_SYS/U_REG_File/Memory_reg[3][5]
  Impl DFF        Imp:/WORK/FINAL_SYS/U_REG_File/Memory_reg[3][5]

  Ref  DFF        Ref:/WORK/FINAL_SYS/U_REG_File/Memory_reg[3][6]
  Impl DFF        Imp:/WORK/FINAL_SYS/U_REG_File/Memory_reg[3][6]

  Ref  DFF        Ref:/WORK/FINAL_SYS/U_REG_File/Memory_reg[3][7]
  Impl DFF        Imp:/WORK/FINAL_SYS/U_REG_File/Memory_reg[3][7]

  Ref  DFF        Ref:/WORK/FINAL_SYS/U_REG_File/Memory_reg[4][0]
  Impl DFF        Imp:/WORK/FINAL_SYS/U_REG_File/Memory_reg[4][0]

  Ref  DFF        Ref:/WORK/FINAL_SYS/U_REG_File/Memory_reg[4][1]
  Impl DFF        Imp:/WORK/FINAL_SYS/U_REG_File/Memory_reg[4][1]

  Ref  DFF        Ref:/WORK/FINAL_SYS/U_REG_File/Memory_reg[4][2]
  Impl DFF        Imp:/WORK/FINAL_SYS/U_REG_File/Memory_reg[4][2]

  Ref  DFF        Ref:/WORK/FINAL_SYS/U_REG_File/Memory_reg[4][3]
  Impl DFF        Imp:/WORK/FINAL_SYS/U_REG_File/Memory_reg[4][3]

  Ref  DFF        Ref:/WORK/FINAL_SYS/U_REG_File/Memory_reg[4][4]
  Impl DFF        Imp:/WORK/FINAL_SYS/U_REG_File/Memory_reg[4][4]

  Ref  DFF        Ref:/WORK/FINAL_SYS/U_REG_File/Memory_reg[4][5]
  Impl DFF        Imp:/WORK/FINAL_SYS/U_REG_File/Memory_reg[4][5]

  Ref  DFF        Ref:/WORK/FINAL_SYS/U_REG_File/Memory_reg[4][6]
  Impl DFF        Imp:/WORK/FINAL_SYS/U_REG_File/Memory_reg[4][6]

  Ref  DFF        Ref:/WORK/FINAL_SYS/U_REG_File/Memory_reg[4][7]
  Impl DFF        Imp:/WORK/FINAL_SYS/U_REG_File/Memory_reg[4][7]

  Ref  DFF        Ref:/WORK/FINAL_SYS/U_REG_File/Memory_reg[5][0]
  Impl DFF        Imp:/WORK/FINAL_SYS/U_REG_File/Memory_reg[5][0]

  Ref  DFF        Ref:/WORK/FINAL_SYS/U_REG_File/Memory_reg[5][1]
  Impl DFF        Imp:/WORK/FINAL_SYS/U_REG_File/Memory_reg[5][1]

  Ref  DFF        Ref:/WORK/FINAL_SYS/U_REG_File/Memory_reg[5][2]
  Impl DFF        Imp:/WORK/FINAL_SYS/U_REG_File/Memory_reg[5][2]

  Ref  DFF        Ref:/WORK/FINAL_SYS/U_REG_File/Memory_reg[5][3]
  Impl DFF        Imp:/WORK/FINAL_SYS/U_REG_File/Memory_reg[5][3]

  Ref  DFF        Ref:/WORK/FINAL_SYS/U_REG_File/Memory_reg[5][4]
  Impl DFF        Imp:/WORK/FINAL_SYS/U_REG_File/Memory_reg[5][4]

  Ref  DFF        Ref:/WORK/FINAL_SYS/U_REG_File/Memory_reg[5][5]
  Impl DFF        Imp:/WORK/FINAL_SYS/U_REG_File/Memory_reg[5][5]

  Ref  DFF        Ref:/WORK/FINAL_SYS/U_REG_File/Memory_reg[5][6]
  Impl DFF        Imp:/WORK/FINAL_SYS/U_REG_File/Memory_reg[5][6]

  Ref  DFF        Ref:/WORK/FINAL_SYS/U_REG_File/Memory_reg[5][7]
  Impl DFF        Imp:/WORK/FINAL_SYS/U_REG_File/Memory_reg[5][7]

  Ref  DFF        Ref:/WORK/FINAL_SYS/U_REG_File/Memory_reg[6][0]
  Impl DFF        Imp:/WORK/FINAL_SYS/U_REG_File/Memory_reg[6][0]

  Ref  DFF        Ref:/WORK/FINAL_SYS/U_REG_File/Memory_reg[6][1]
  Impl DFF        Imp:/WORK/FINAL_SYS/U_REG_File/Memory_reg[6][1]

  Ref  DFF        Ref:/WORK/FINAL_SYS/U_REG_File/Memory_reg[6][2]
  Impl DFF        Imp:/WORK/FINAL_SYS/U_REG_File/Memory_reg[6][2]

  Ref  DFF        Ref:/WORK/FINAL_SYS/U_REG_File/Memory_reg[6][3]
  Impl DFF        Imp:/WORK/FINAL_SYS/U_REG_File/Memory_reg[6][3]

  Ref  DFF        Ref:/WORK/FINAL_SYS/U_REG_File/Memory_reg[6][4]
  Impl DFF        Imp:/WORK/FINAL_SYS/U_REG_File/Memory_reg[6][4]

  Ref  DFF        Ref:/WORK/FINAL_SYS/U_REG_File/Memory_reg[6][5]
  Impl DFF        Imp:/WORK/FINAL_SYS/U_REG_File/Memory_reg[6][5]

  Ref  DFF        Ref:/WORK/FINAL_SYS/U_REG_File/Memory_reg[6][6]
  Impl DFF        Imp:/WORK/FINAL_SYS/U_REG_File/Memory_reg[6][6]

  Ref  DFF        Ref:/WORK/FINAL_SYS/U_REG_File/Memory_reg[6][7]
  Impl DFF        Imp:/WORK/FINAL_SYS/U_REG_File/Memory_reg[6][7]

  Ref  DFF        Ref:/WORK/FINAL_SYS/U_REG_File/Memory_reg[7][0]
  Impl DFF        Imp:/WORK/FINAL_SYS/U_REG_File/Memory_reg[7][0]

  Ref  DFF        Ref:/WORK/FINAL_SYS/U_REG_File/Memory_reg[7][1]
  Impl DFF        Imp:/WORK/FINAL_SYS/U_REG_File/Memory_reg[7][1]

  Ref  DFF        Ref:/WORK/FINAL_SYS/U_REG_File/Memory_reg[7][2]
  Impl DFF        Imp:/WORK/FINAL_SYS/U_REG_File/Memory_reg[7][2]

  Ref  DFF        Ref:/WORK/FINAL_SYS/U_REG_File/Memory_reg[7][3]
  Impl DFF        Imp:/WORK/FINAL_SYS/U_REG_File/Memory_reg[7][3]

  Ref  DFF        Ref:/WORK/FINAL_SYS/U_REG_File/Memory_reg[7][4]
  Impl DFF        Imp:/WORK/FINAL_SYS/U_REG_File/Memory_reg[7][4]

  Ref  DFF        Ref:/WORK/FINAL_SYS/U_REG_File/Memory_reg[7][5]
  Impl DFF        Imp:/WORK/FINAL_SYS/U_REG_File/Memory_reg[7][5]

  Ref  DFF        Ref:/WORK/FINAL_SYS/U_REG_File/Memory_reg[7][6]
  Impl DFF        Imp:/WORK/FINAL_SYS/U_REG_File/Memory_reg[7][6]

  Ref  DFF        Ref:/WORK/FINAL_SYS/U_REG_File/Memory_reg[7][7]
  Impl DFF        Imp:/WORK/FINAL_SYS/U_REG_File/Memory_reg[7][7]

  Ref  DFF        Ref:/WORK/FINAL_SYS/U_REG_File/Memory_reg[8][0]
  Impl DFF        Imp:/WORK/FINAL_SYS/U_REG_File/Memory_reg[8][0]

  Ref  DFF        Ref:/WORK/FINAL_SYS/U_REG_File/Memory_reg[8][1]
  Impl DFF        Imp:/WORK/FINAL_SYS/U_REG_File/Memory_reg[8][1]

  Ref  DFF        Ref:/WORK/FINAL_SYS/U_REG_File/Memory_reg[8][2]
  Impl DFF        Imp:/WORK/FINAL_SYS/U_REG_File/Memory_reg[8][2]

  Ref  DFF        Ref:/WORK/FINAL_SYS/U_REG_File/Memory_reg[8][3]
  Impl DFF        Imp:/WORK/FINAL_SYS/U_REG_File/Memory_reg[8][3]

  Ref  DFF        Ref:/WORK/FINAL_SYS/U_REG_File/Memory_reg[8][4]
  Impl DFF        Imp:/WORK/FINAL_SYS/U_REG_File/Memory_reg[8][4]

  Ref  DFF        Ref:/WORK/FINAL_SYS/U_REG_File/Memory_reg[8][5]
  Impl DFF        Imp:/WORK/FINAL_SYS/U_REG_File/Memory_reg[8][5]

  Ref  DFF        Ref:/WORK/FINAL_SYS/U_REG_File/Memory_reg[8][6]
  Impl DFF        Imp:/WORK/FINAL_SYS/U_REG_File/Memory_reg[8][6]

  Ref  DFF        Ref:/WORK/FINAL_SYS/U_REG_File/Memory_reg[8][7]
  Impl DFF        Imp:/WORK/FINAL_SYS/U_REG_File/Memory_reg[8][7]

  Ref  DFF        Ref:/WORK/FINAL_SYS/U_REG_File/Memory_reg[9][0]
  Impl DFF        Imp:/WORK/FINAL_SYS/U_REG_File/Memory_reg[9][0]

  Ref  DFF        Ref:/WORK/FINAL_SYS/U_REG_File/Memory_reg[9][1]
  Impl DFF        Imp:/WORK/FINAL_SYS/U_REG_File/Memory_reg[9][1]

  Ref  DFF        Ref:/WORK/FINAL_SYS/U_REG_File/Memory_reg[9][2]
  Impl DFF        Imp:/WORK/FINAL_SYS/U_REG_File/Memory_reg[9][2]

  Ref  DFF        Ref:/WORK/FINAL_SYS/U_REG_File/Memory_reg[9][3]
  Impl DFF        Imp:/WORK/FINAL_SYS/U_REG_File/Memory_reg[9][3]

  Ref  DFF        Ref:/WORK/FINAL_SYS/U_REG_File/Memory_reg[9][4]
  Impl DFF        Imp:/WORK/FINAL_SYS/U_REG_File/Memory_reg[9][4]

  Ref  DFF        Ref:/WORK/FINAL_SYS/U_REG_File/Memory_reg[9][5]
  Impl DFF        Imp:/WORK/FINAL_SYS/U_REG_File/Memory_reg[9][5]

  Ref  DFF        Ref:/WORK/FINAL_SYS/U_REG_File/Memory_reg[9][6]
  Impl DFF        Imp:/WORK/FINAL_SYS/U_REG_File/Memory_reg[9][6]

  Ref  DFF        Ref:/WORK/FINAL_SYS/U_REG_File/Memory_reg[9][7]
  Impl DFF        Imp:/WORK/FINAL_SYS/U_REG_File/Memory_reg[9][7]

  Ref  DFF        Ref:/WORK/FINAL_SYS/U_REG_File/o_Rd_D_REG_reg[0]
  Impl DFF        Imp:/WORK/FINAL_SYS/U_REG_File/o_Rd_D_REG_reg[0]

  Ref  DFF        Ref:/WORK/FINAL_SYS/U_REG_File/o_Rd_D_REG_reg[1]
  Impl DFF        Imp:/WORK/FINAL_SYS/U_REG_File/o_Rd_D_REG_reg[1]

  Ref  DFF        Ref:/WORK/FINAL_SYS/U_REG_File/o_Rd_D_REG_reg[2]
  Impl DFF        Imp:/WORK/FINAL_SYS/U_REG_File/o_Rd_D_REG_reg[2]

  Ref  DFF        Ref:/WORK/FINAL_SYS/U_REG_File/o_Rd_D_REG_reg[3]
  Impl DFF        Imp:/WORK/FINAL_SYS/U_REG_File/o_Rd_D_REG_reg[3]

  Ref  DFF        Ref:/WORK/FINAL_SYS/U_REG_File/o_Rd_D_REG_reg[4]
  Impl DFF        Imp:/WORK/FINAL_SYS/U_REG_File/o_Rd_D_REG_reg[4]

  Ref  DFF        Ref:/WORK/FINAL_SYS/U_REG_File/o_Rd_D_REG_reg[5]
  Impl DFF        Imp:/WORK/FINAL_SYS/U_REG_File/o_Rd_D_REG_reg[5]

  Ref  DFF        Ref:/WORK/FINAL_SYS/U_REG_File/o_Rd_D_REG_reg[6]
  Impl DFF        Imp:/WORK/FINAL_SYS/U_REG_File/o_Rd_D_REG_reg[6]

  Ref  DFF        Ref:/WORK/FINAL_SYS/U_REG_File/o_Rd_D_REG_reg[7]
  Impl DFF        Imp:/WORK/FINAL_SYS/U_REG_File/o_Rd_D_REG_reg[7]

  Ref  DFF        Ref:/WORK/FINAL_SYS/U_REG_File/o_Vid_Rd_reg
  Impl DFF        Imp:/WORK/FINAL_SYS/U_REG_File/o_Vid_Rd_reg

  Ref  DFF        Ref:/WORK/FINAL_SYS/U_RST_Sync_1/register_reg[0]
  Impl DFF        Imp:/WORK/FINAL_SYS/U_RST_Sync_1/register_reg[0]

  Ref  DFF        Ref:/WORK/FINAL_SYS/U_RST_Sync_1/register_reg[1]
  Impl DFF        Imp:/WORK/FINAL_SYS/U_RST_Sync_1/register_reg[1]

  Ref  DFF        Ref:/WORK/FINAL_SYS/U_RST_Sync_2/register_reg[0]
  Impl DFF        Imp:/WORK/FINAL_SYS/U_RST_Sync_2/register_reg[0]

  Ref  DFF        Ref:/WORK/FINAL_SYS/U_RST_Sync_2/register_reg[1]
  Impl DFF        Imp:/WORK/FINAL_SYS/U_RST_Sync_2/register_reg[1]

  Ref  DFF        Ref:/WORK/FINAL_SYS/U_SYS_CTRL/C_State_reg[0]
  Impl DFF        Imp:/WORK/FINAL_SYS/U_SYS_CTRL/C_State_reg[0]

  Ref  DFF        Ref:/WORK/FINAL_SYS/U_SYS_CTRL/C_State_reg[1]
  Impl DFF        Imp:/WORK/FINAL_SYS/U_SYS_CTRL/C_State_reg[1]

  Ref  DFF        Ref:/WORK/FINAL_SYS/U_SYS_CTRL/C_State_reg[2]
  Impl DFF        Imp:/WORK/FINAL_SYS/U_SYS_CTRL/C_State_reg[2]

  Ref  DFF        Ref:/WORK/FINAL_SYS/U_SYS_CTRL/C_State_reg[3]
  Impl DFF        Imp:/WORK/FINAL_SYS/U_SYS_CTRL/C_State_reg[3]

  Ref  DFF        Ref:/WORK/FINAL_SYS/U_SYS_CTRL/KEEP_ADDR_reg[0]
  Impl DFF        Imp:/WORK/FINAL_SYS/U_SYS_CTRL/KEEP_ADDR_reg[0]

  Ref  DFF        Ref:/WORK/FINAL_SYS/U_SYS_CTRL/KEEP_ADDR_reg[1]
  Impl DFF        Imp:/WORK/FINAL_SYS/U_SYS_CTRL/KEEP_ADDR_reg[1]

  Ref  DFF        Ref:/WORK/FINAL_SYS/U_SYS_CTRL/KEEP_ADDR_reg[2]
  Impl DFF        Imp:/WORK/FINAL_SYS/U_SYS_CTRL/KEEP_ADDR_reg[2]

  Ref  DFF        Ref:/WORK/FINAL_SYS/U_SYS_CTRL/KEEP_ADDR_reg[3]
  Impl DFF        Imp:/WORK/FINAL_SYS/U_SYS_CTRL/KEEP_ADDR_reg[3]

  Ref  DFF        Ref:/WORK/FINAL_SYS/U_TOP_UART/U_UART_RX/DUT1/C_state_reg[0]
  Impl DFF        Imp:/WORK/FINAL_SYS/U_TOP_UART/U_UART_RX/DUT1/C_state_reg[0]

  Ref  DFF        Ref:/WORK/FINAL_SYS/U_TOP_UART/U_UART_RX/DUT1/C_state_reg[1]
  Impl DFF        Imp:/WORK/FINAL_SYS/U_TOP_UART/U_UART_RX/DUT1/C_state_reg[1]

  Ref  DFF        Ref:/WORK/FINAL_SYS/U_TOP_UART/U_UART_RX/DUT1/C_state_reg[2]
  Impl DFF        Imp:/WORK/FINAL_SYS/U_TOP_UART/U_UART_RX/DUT1/C_state_reg[2]

  Ref  DFF        Ref:/WORK/FINAL_SYS/U_TOP_UART/U_UART_RX/DUT1/data_valid_reg
  Impl DFF        Imp:/WORK/FINAL_SYS/U_TOP_UART/U_UART_RX/DUT1/data_valid_reg

  Ref  DFF        Ref:/WORK/FINAL_SYS/U_TOP_UART/U_UART_RX/DUT1/deser_en_reg
  Impl DFF        Imp:/WORK/FINAL_SYS/U_TOP_UART/U_UART_RX/DUT1/deser_en_reg

  Ref  DFF        Ref:/WORK/FINAL_SYS/U_TOP_UART/U_UART_RX/DUT1/par_chk_en_reg
  Impl DFF        Imp:/WORK/FINAL_SYS/U_TOP_UART/U_UART_RX/DUT1/par_chk_en_reg

  Ref  DFF        Ref:/WORK/FINAL_SYS/U_TOP_UART/U_UART_RX/DUT1/sample_en_reg
  Impl DFF        Imp:/WORK/FINAL_SYS/U_TOP_UART/U_UART_RX/DUT1/sample_en_reg

  Ref  DFF        Ref:/WORK/FINAL_SYS/U_TOP_UART/U_UART_RX/DUT1/stp_chk_en_reg
  Impl DFF        Imp:/WORK/FINAL_SYS/U_TOP_UART/U_UART_RX/DUT1/stp_chk_en_reg

  Ref  DFF        Ref:/WORK/FINAL_SYS/U_TOP_UART/U_UART_RX/DUT1/strt_chk_en_reg
  Impl DFF        Imp:/WORK/FINAL_SYS/U_TOP_UART/U_UART_RX/DUT1/strt_chk_en_reg

  Ref  DFF        Ref:/WORK/FINAL_SYS/U_TOP_UART/U_UART_RX/DUT2/bit_count_reg[0]
  Impl DFF        Imp:/WORK/FINAL_SYS/U_TOP_UART/U_UART_RX/DUT2/bit_count_reg[0]

  Ref  DFF        Ref:/WORK/FINAL_SYS/U_TOP_UART/U_UART_RX/DUT2/bit_count_reg[1]
  Impl DFF        Imp:/WORK/FINAL_SYS/U_TOP_UART/U_UART_RX/DUT2/bit_count_reg[1]

  Ref  DFF        Ref:/WORK/FINAL_SYS/U_TOP_UART/U_UART_RX/DUT2/bit_count_reg[2]
  Impl DFF        Imp:/WORK/FINAL_SYS/U_TOP_UART/U_UART_RX/DUT2/bit_count_reg[2]

  Ref  DFF        Ref:/WORK/FINAL_SYS/U_TOP_UART/U_UART_RX/DUT2/bit_count_reg[3]
  Impl DFF        Imp:/WORK/FINAL_SYS/U_TOP_UART/U_UART_RX/DUT2/bit_count_reg[3]

  Ref  DFF        Ref:/WORK/FINAL_SYS/U_TOP_UART/U_UART_RX/DUT2/edge_count_reg[0]
  Impl DFF        Imp:/WORK/FINAL_SYS/U_TOP_UART/U_UART_RX/DUT2/edge_count_reg[0]

  Ref  DFF        Ref:/WORK/FINAL_SYS/U_TOP_UART/U_UART_RX/DUT2/edge_count_reg[1]
  Impl DFF        Imp:/WORK/FINAL_SYS/U_TOP_UART/U_UART_RX/DUT2/edge_count_reg[1]

  Ref  DFF        Ref:/WORK/FINAL_SYS/U_TOP_UART/U_UART_RX/DUT2/edge_count_reg[2]
  Impl DFF        Imp:/WORK/FINAL_SYS/U_TOP_UART/U_UART_RX/DUT2/edge_count_reg[2]

  Ref  DFF        Ref:/WORK/FINAL_SYS/U_TOP_UART/U_UART_RX/DUT2/edge_count_reg[3]
  Impl DFF        Imp:/WORK/FINAL_SYS/U_TOP_UART/U_UART_RX/DUT2/edge_count_reg[3]

  Ref  DFF        Ref:/WORK/FINAL_SYS/U_TOP_UART/U_UART_RX/DUT2/edge_count_reg[4]
  Impl DFF        Imp:/WORK/FINAL_SYS/U_TOP_UART/U_UART_RX/DUT2/edge_count_reg[4]

  Ref  DFF        Ref:/WORK/FINAL_SYS/U_TOP_UART/U_UART_RX/DUT2/edge_count_reg[5]
  Impl DFF        Imp:/WORK/FINAL_SYS/U_TOP_UART/U_UART_RX/DUT2/edge_count_reg[5]

  Ref  DFF        Ref:/WORK/FINAL_SYS/U_TOP_UART/U_UART_RX/DUT3/register_reg[0]
  Impl DFF        Imp:/WORK/FINAL_SYS/U_TOP_UART/U_UART_RX/DUT3/register_reg[0]

  Ref  DFF        Ref:/WORK/FINAL_SYS/U_TOP_UART/U_UART_RX/DUT3/register_reg[1]
  Impl DFF        Imp:/WORK/FINAL_SYS/U_TOP_UART/U_UART_RX/DUT3/register_reg[1]

  Ref  DFF        Ref:/WORK/FINAL_SYS/U_TOP_UART/U_UART_RX/DUT3/register_reg[2]
  Impl DFF        Imp:/WORK/FINAL_SYS/U_TOP_UART/U_UART_RX/DUT3/register_reg[2]

  Ref  DFF        Ref:/WORK/FINAL_SYS/U_TOP_UART/U_UART_RX/DUT3/sample_bit_reg
  Impl DFF        Imp:/WORK/FINAL_SYS/U_TOP_UART/U_UART_RX/DUT3/sample_bit_reg

  Ref  DFF        Ref:/WORK/FINAL_SYS/U_TOP_UART/U_UART_RX/DUt4/P_DATA_reg[0]
  Impl DFF        Imp:/WORK/FINAL_SYS/U_TOP_UART/U_UART_RX/DUt4/P_DATA_reg[0]

  Ref  DFF        Ref:/WORK/FINAL_SYS/U_TOP_UART/U_UART_RX/DUt4/P_DATA_reg[1]
  Impl DFF        Imp:/WORK/FINAL_SYS/U_TOP_UART/U_UART_RX/DUt4/P_DATA_reg[1]

  Ref  DFF        Ref:/WORK/FINAL_SYS/U_TOP_UART/U_UART_RX/DUt4/P_DATA_reg[2]
  Impl DFF        Imp:/WORK/FINAL_SYS/U_TOP_UART/U_UART_RX/DUt4/P_DATA_reg[2]

  Ref  DFF        Ref:/WORK/FINAL_SYS/U_TOP_UART/U_UART_RX/DUt4/P_DATA_reg[3]
  Impl DFF        Imp:/WORK/FINAL_SYS/U_TOP_UART/U_UART_RX/DUt4/P_DATA_reg[3]

  Ref  DFF        Ref:/WORK/FINAL_SYS/U_TOP_UART/U_UART_RX/DUt4/P_DATA_reg[4]
  Impl DFF        Imp:/WORK/FINAL_SYS/U_TOP_UART/U_UART_RX/DUt4/P_DATA_reg[4]

  Ref  DFF        Ref:/WORK/FINAL_SYS/U_TOP_UART/U_UART_RX/DUt4/P_DATA_reg[5]
  Impl DFF        Imp:/WORK/FINAL_SYS/U_TOP_UART/U_UART_RX/DUt4/P_DATA_reg[5]

  Ref  DFF        Ref:/WORK/FINAL_SYS/U_TOP_UART/U_UART_RX/DUt4/P_DATA_reg[6]
  Impl DFF        Imp:/WORK/FINAL_SYS/U_TOP_UART/U_UART_RX/DUt4/P_DATA_reg[6]

  Ref  DFF        Ref:/WORK/FINAL_SYS/U_TOP_UART/U_UART_RX/DUt4/P_DATA_reg[7]
  Impl DFF        Imp:/WORK/FINAL_SYS/U_TOP_UART/U_UART_RX/DUt4/P_DATA_reg[7]

  Ref  DFF        Ref:/WORK/FINAL_SYS/U_TOP_UART/U_UART_TX/INS0/current_state_reg[0]
  Impl DFF        Imp:/WORK/FINAL_SYS/U_TOP_UART/U_UART_TX/INS0/current_state_reg[0]

  Ref  DFF        Ref:/WORK/FINAL_SYS/U_TOP_UART/U_UART_TX/INS0/current_state_reg[1]
  Impl DFF        Imp:/WORK/FINAL_SYS/U_TOP_UART/U_UART_TX/INS0/current_state_reg[1]

  Ref  DFF        Ref:/WORK/FINAL_SYS/U_TOP_UART/U_UART_TX/INS0/current_state_reg[2]
  Impl DFF        Imp:/WORK/FINAL_SYS/U_TOP_UART/U_UART_TX/INS0/current_state_reg[2]

  Ref  DFF        Ref:/WORK/FINAL_SYS/U_TOP_UART/U_UART_TX/INS1/Register_reg[0]
  Impl DFF        Imp:/WORK/FINAL_SYS/U_TOP_UART/U_UART_TX/INS1/Register_reg[0]

  Ref  DFF        Ref:/WORK/FINAL_SYS/U_TOP_UART/U_UART_TX/INS1/Register_reg[1]
  Impl DFF        Imp:/WORK/FINAL_SYS/U_TOP_UART/U_UART_TX/INS1/Register_reg[1]

  Ref  DFF        Ref:/WORK/FINAL_SYS/U_TOP_UART/U_UART_TX/INS1/Register_reg[2]
  Impl DFF        Imp:/WORK/FINAL_SYS/U_TOP_UART/U_UART_TX/INS1/Register_reg[2]

  Ref  DFF        Ref:/WORK/FINAL_SYS/U_TOP_UART/U_UART_TX/INS1/Register_reg[3]
  Impl DFF        Imp:/WORK/FINAL_SYS/U_TOP_UART/U_UART_TX/INS1/Register_reg[3]

  Ref  DFF        Ref:/WORK/FINAL_SYS/U_TOP_UART/U_UART_TX/INS1/Register_reg[4]
  Impl DFF        Imp:/WORK/FINAL_SYS/U_TOP_UART/U_UART_TX/INS1/Register_reg[4]

  Ref  DFF        Ref:/WORK/FINAL_SYS/U_TOP_UART/U_UART_TX/INS1/Register_reg[5]
  Impl DFF        Imp:/WORK/FINAL_SYS/U_TOP_UART/U_UART_TX/INS1/Register_reg[5]

  Ref  DFF        Ref:/WORK/FINAL_SYS/U_TOP_UART/U_UART_TX/INS1/Register_reg[6]
  Impl DFF        Imp:/WORK/FINAL_SYS/U_TOP_UART/U_UART_TX/INS1/Register_reg[6]

  Ref  DFF        Ref:/WORK/FINAL_SYS/U_TOP_UART/U_UART_TX/INS1/Register_reg[7]
  Impl DFF        Imp:/WORK/FINAL_SYS/U_TOP_UART/U_UART_TX/INS1/Register_reg[7]

  Ref  DFF        Ref:/WORK/FINAL_SYS/U_TOP_UART/U_UART_TX/INS1/par_bit_reg
  Impl DFF        Imp:/WORK/FINAL_SYS/U_TOP_UART/U_UART_TX/INS1/par_bit_reg

  Ref  DFF        Ref:/WORK/FINAL_SYS/U_TOP_UART/U_UART_TX/INS2/counter_reg[0]
  Impl DFF        Imp:/WORK/FINAL_SYS/U_TOP_UART/U_UART_TX/INS2/counter_reg[0]

  Ref  DFF        Ref:/WORK/FINAL_SYS/U_TOP_UART/U_UART_TX/INS2/counter_reg[1]
  Impl DFF        Imp:/WORK/FINAL_SYS/U_TOP_UART/U_UART_TX/INS2/counter_reg[1]

  Ref  DFF        Ref:/WORK/FINAL_SYS/U_TOP_UART/U_UART_TX/INS2/counter_reg[2]
  Impl DFF        Imp:/WORK/FINAL_SYS/U_TOP_UART/U_UART_TX/INS2/counter_reg[2]

  Ref  DFF        Ref:/WORK/FINAL_SYS/U_TOP_UART/U_UART_TX/INS2/register_reg[0]
  Impl DFF        Imp:/WORK/FINAL_SYS/U_TOP_UART/U_UART_TX/INS2/register_reg[0]

  Ref  DFF        Ref:/WORK/FINAL_SYS/U_TOP_UART/U_UART_TX/INS2/register_reg[1]
  Impl DFF        Imp:/WORK/FINAL_SYS/U_TOP_UART/U_UART_TX/INS2/register_reg[1]

  Ref  DFF        Ref:/WORK/FINAL_SYS/U_TOP_UART/U_UART_TX/INS2/register_reg[2]
  Impl DFF        Imp:/WORK/FINAL_SYS/U_TOP_UART/U_UART_TX/INS2/register_reg[2]

  Ref  DFF        Ref:/WORK/FINAL_SYS/U_TOP_UART/U_UART_TX/INS2/register_reg[3]
  Impl DFF        Imp:/WORK/FINAL_SYS/U_TOP_UART/U_UART_TX/INS2/register_reg[3]

  Ref  DFF        Ref:/WORK/FINAL_SYS/U_TOP_UART/U_UART_TX/INS2/register_reg[4]
  Impl DFF        Imp:/WORK/FINAL_SYS/U_TOP_UART/U_UART_TX/INS2/register_reg[4]

  Ref  DFF        Ref:/WORK/FINAL_SYS/U_TOP_UART/U_UART_TX/INS2/register_reg[5]
  Impl DFF        Imp:/WORK/FINAL_SYS/U_TOP_UART/U_UART_TX/INS2/register_reg[5]

  Ref  DFF        Ref:/WORK/FINAL_SYS/U_TOP_UART/U_UART_TX/INS2/register_reg[6]
  Impl DFF        Imp:/WORK/FINAL_SYS/U_TOP_UART/U_UART_TX/INS2/register_reg[6]

  Ref  DFF        Ref:/WORK/FINAL_SYS/U_TOP_UART/U_UART_TX/INS2/register_reg[7]
  Impl DFF        Imp:/WORK/FINAL_SYS/U_TOP_UART/U_UART_TX/INS2/register_reg[7]

  Ref  DFF        Ref:/WORK/FINAL_SYS/U_TOP_UART/U_UART_TX/INS2/ser_Dn_reg
  Impl DFF        Imp:/WORK/FINAL_SYS/U_TOP_UART/U_UART_TX/INS2/ser_Dn_reg

  Ref  DFF        Ref:/WORK/FINAL_SYS/U_TOP_UART/U_UART_TX/INS2/ser_data_reg
  Impl DFF        Imp:/WORK/FINAL_SYS/U_TOP_UART/U_UART_TX/INS2/ser_data_reg

  Ref  Port       Ref:/WORK/FINAL_SYS/TX_OUT
  Impl Port       Imp:/WORK/FINAL_SYS/TX_OUT

  Ref  Port       Ref:/WORK/FINAL_SYS/o_PAR_ERR
  Impl Port       Imp:/WORK/FINAL_SYS/o_PAR_ERR

  Ref  Port       Ref:/WORK/FINAL_SYS/o_framing_ERR
  Impl Port       Imp:/WORK/FINAL_SYS/o_framing_ERR

 [BBNet: multiply-driven net
  BBPin: black-box pin
  Cut:   cut-point
  DFF:   non-constant DFF register
  DFF0:  constant 0 DFF register
  DFF1:  constant 1 DFF register
  DFFX:  constant X DFF register
  DFF0X: constrained 0X DFF register
  DFF1X: constrained 1X DFF register
  LAT:   non-constant latch register
  LAT0:  constant 0 latch register
  LAT1:  constant 1 latch register
  LATX:  constant X latch register
  LAT0X: constrained 0X latch register
  LAT1X: constrained 1X latch register
  LATCG: clock-gating latch register
  TLA:   transparent latch register
  TLA0X: transparent constrained 0X latch register
  TLA1X: transparent constrained 1X latch register
  Loop:  cycle break point
  Port:  primary (top-level) port
  Und:   undriven signal cut-point
  Unk:   unknown signal cut-point]

1
