 
****************************************
Report : area
Design : FINAL_SYS
Version: K-2015.06
Date   : Thu Aug 15 06:06:30 2024
****************************************

Library(s) Used:

    scmetro_tsmc_cl013g_rvt_ss_1p08v_125c (File: /home/IC/Final_project/std_cells/scmetro_tsmc_cl013g_rvt_ss_1p08v_125c.db)

Number of ports:                           34
Number of nets:                          2438
Number of cells:                         2351
Number of combinational cells:           1920
Number of sequential cells:               428
Number of macros/black boxes:               0
Number of buf/inv:                        469
Number of references:                     192

Combinational area:              17118.631739
Buf/Inv area:                     2616.980833
Noncombinational area:           11170.413000
Macro/Black Box area:                0.000000
Net Interconnect area:          883264.338409

Total cell area:                 28289.044739
Total area:                     911553.383149

Hierarchical area distribution
------------------------------

                                  Global cell area            Local cell area
                                  -------------------  ------------------------------ 
Hierarchical cell                 Absolute    Percent  Combi-      Noncombi-   Black-
                                  Total       Total    national    national    boxes   Design
--------------------------------  ----------  -------  ----------  ----------  ------  ------------
FINAL_SYS                         28289.0447    100.0  16150.2076  10624.4242  0.0000  FINAL_SYS
U_CG                                 15.2971      0.1      0.0000     15.2971  0.0000  Clock_Gating
U_CLK_DIV_1                         616.5908      2.2    350.6566    265.9342  0.0000  CLK_DIV_0
U_CLK_DIV_2                         882.5250      3.1    617.7675    264.7575  0.0000  CLK_DIV_1
--------------------------------  ----------  -------  ----------  ----------  ------  ------------
Total                                                  17118.6317  11170.4130  0.0000

1
